Starting at 2021-01-02--15-53-35
 
 
 
Iteration 1   2021-01-02--15-53-35
 
         current_date          | total_records_dataflow | total_batches_dataflow 
-------------------------------+------------------------+------------------------
 2021-01-02 21:53:10.469771+00 |                6773730 |                    288

 
Iteration 2   2021-01-02--15-53-46
 
         current_date          | total_records_dataflow | total_batches_dataflow 
-------------------------------+------------------------+------------------------
 2021-01-02 21:53:21.567916+00 |                6940706 |                    273

 
Iteration 3   2021-01-02--15-54-00
 
         current_date          | total_records_dataflow | total_batches_dataflow 
-------------------------------+------------------------+------------------------
 2021-01-02 21:53:35.290337+00 |                6871402 |                    276

 
Iteration 4   2021-01-02--15-54-14
 
         current_date          | total_records_dataflow | total_batches_dataflow 
-------------------------------+------------------------+------------------------
 2021-01-02 21:53:49.306336+00 |                6916446 |                    275

 
Iteration 5   2021-01-02--15-54-25
 
         current_date          | total_records_dataflow | total_batches_dataflow 
-------------------------------+------------------------+------------------------
 2021-01-02 21:54:00.627118+00 |                6976700 |                    272

 
Iteration 6   2021-01-02--15-54-38
 
         current_date          | total_records_dataflow | total_batches_dataflow 
-------------------------------+------------------------+------------------------
 2021-01-02 21:54:13.797637+00 |                7104073 |                    275

 
Iteration 7   2021-01-02--15-54-52
 
         current_date          | total_records_dataflow | total_batches_dataflow 
-------------------------------+------------------------+------------------------
 2021-01-02 21:54:27.461623+00 |                7027590 |                    285

 
Iteration 8   2021-01-02--15-55-06
 
         current_date          | total_records_dataflow | total_batches_dataflow 
-------------------------------+------------------------+------------------------
 2021-01-02 21:54:41.486538+00 |                6981078 |                    273

 
Iteration 9   2021-01-02--15-55-19
 
         current_date         | total_records_dataflow | total_batches_dataflow 
------------------------------+------------------------+------------------------
 2021-01-02 21:54:54.61297+00 |                7081265 |                    280

 
Iteration 10   2021-01-02--15-55-32
 
         current_date          | total_records_dataflow | total_batches_dataflow 
-------------------------------+------------------------+------------------------
 2021-01-02 21:55:08.141632+00 |                7156390 |                    290

 
Iteration 11   2021-01-02--15-55-45
 
         current_date          | total_records_dataflow | total_batches_dataflow 
-------------------------------+------------------------+------------------------
 2021-01-02 21:55:20.784719+00 |                7345751 |                    278

 
Iteration 12   2021-01-02--15-55-55
 
         current_date         | total_records_dataflow | total_batches_dataflow 
------------------------------+------------------------+------------------------
 2021-01-02 21:55:30.99855+00 |                7370537 |                    284

 
Iteration 13   2021-01-02--15-56-06
 
         current_date          | total_records_dataflow | total_batches_dataflow 
-------------------------------+------------------------+------------------------
 2021-01-02 21:55:41.254377+00 |                7334968 |                    278

 
Iteration 14   2021-01-02--15-56-16
 
         current_date          | total_records_dataflow | total_batches_dataflow 
-------------------------------+------------------------+------------------------
 2021-01-02 21:55:51.730728+00 |                7367987 |                    284

 
Iteration 15   2021-01-02--15-56-26
 
         current_date          | total_records_dataflow | total_batches_dataflow 
-------------------------------+------------------------+------------------------
 2021-01-02 21:56:02.121654+00 |                7459737 |                    301

 
Iteration 16   2021-01-02--15-56-37
 
         current_date          | total_records_dataflow | total_batches_dataflow 
-------------------------------+------------------------+------------------------
 2021-01-02 21:56:12.686661+00 |                7471425 |                    295

 
Iteration 17   2021-01-02--15-56-48
 
         current_date         | total_records_dataflow | total_batches_dataflow 
------------------------------+------------------------+------------------------
 2021-01-02 21:56:23.19622+00 |                7645293 |                    806

 
Iteration 18   2021-01-02--15-56-58
 
         current_date          | total_records_dataflow | total_batches_dataflow 
-------------------------------+------------------------+------------------------
 2021-01-02 21:56:33.880934+00 |                7461125 |                    326

 
Iteration 19   2021-01-02--15-57-08
 
         current_date          | total_records_dataflow | total_batches_dataflow 
-------------------------------+------------------------+------------------------
 2021-01-02 21:56:44.077407+00 |                7461125 |                    326

 
Iteration 20   2021-01-02--15-57-19
 
         current_date          | total_records_dataflow | total_batches_dataflow 
-------------------------------+------------------------+------------------------
 2021-01-02 21:56:55.185004+00 |                7493297 |                    288

 
Iteration 21   2021-01-02--15-57-34
 
         current_date          | total_records_dataflow | total_batches_dataflow 
-------------------------------+------------------------+------------------------
 2021-01-02 21:57:09.455334+00 |                7527535 |                    290

 
Iteration 22   2021-01-02--15-57-48
 
         current_date          | total_records_dataflow | total_batches_dataflow 
-------------------------------+------------------------+------------------------
 2021-01-02 21:57:23.223218+00 |                7615466 |                    286

 
Iteration 23   2021-01-02--15-58-00
 
         current_date          | total_records_dataflow | total_batches_dataflow 
-------------------------------+------------------------+------------------------
 2021-01-02 21:57:35.851121+00 |                7827634 |                    282

 
Iteration 24   2021-01-02--15-58-14
 
         current_date          | total_records_dataflow | total_batches_dataflow 
-------------------------------+------------------------+------------------------
 2021-01-02 21:57:49.233688+00 |                7789006 |                    283

 
Iteration 25   2021-01-02--15-58-27
 
         current_date          | total_records_dataflow | total_batches_dataflow 
-------------------------------+------------------------+------------------------
 2021-01-02 21:58:02.355973+00 |                7784151 |                    280

 
Iteration 26   2021-01-02--15-58-38
 
         current_date          | total_records_dataflow | total_batches_dataflow 
-------------------------------+------------------------+------------------------
 2021-01-02 21:58:13.935787+00 |                7678150 |                    274

 
Iteration 27   2021-01-02--15-58-50
 
         current_date          | total_records_dataflow | total_batches_dataflow 
-------------------------------+------------------------+------------------------
 2021-01-02 21:58:25.680327+00 |                7738518 |                    272

 
Iteration 28   2021-01-02--15-59-04
 
         current_date          | total_records_dataflow | total_batches_dataflow 
-------------------------------+------------------------+------------------------
 2021-01-02 21:58:40.092051+00 |                7852551 |                    269

 
Iteration 29   2021-01-02--15-59-18
 
         current_date          | total_records_dataflow | total_batches_dataflow 
-------------------------------+------------------------+------------------------
 2021-01-02 21:58:54.071466+00 |                7971849 |                    283

 
Iteration 30   2021-01-02--15-59-32
 
         current_date          | total_records_dataflow | total_batches_dataflow 
-------------------------------+------------------------+------------------------
 2021-01-02 21:59:07.595272+00 |                8113325 |                    276

 
