Starting at 2021-01-02--15-53-35
 
 
 
Iteration 1   2021-01-02--15-53-35
 
           timeofday           | up 
-------------------------------+----
 2021-01-02 21:53:10.487754+00 |  1

 
Iteration 2   2021-01-02--15-53-45
 
           timeofday           | up 
-------------------------------+----
 2021-01-02 21:53:20.575148+00 |  1

 
Iteration 3   2021-01-02--15-53-55
 
           timeofday           | up 
-------------------------------+----
 2021-01-02 21:53:30.667338+00 |  1

 
Iteration 4   2021-01-02--15-54-05
 
         timeofday          | up 
----------------------------+----
 2021-01-02 21:53:40.754+00 |  1

 
Iteration 5   2021-01-02--15-54-15
 
           timeofday           | up 
-------------------------------+----
 2021-01-02 21:53:50.847047+00 |  1

 
Iteration 6   2021-01-02--15-54-25
 
           timeofday           | up 
-------------------------------+----
 2021-01-02 21:54:00.934509+00 |  1

 
Iteration 7   2021-01-02--15-54-35
 
           timeofday           | up 
-------------------------------+----
 2021-01-02 21:54:11.021985+00 |  1

 
Iteration 8   2021-01-02--15-54-45
 
           timeofday           | up 
-------------------------------+----
 2021-01-02 21:54:21.109709+00 |  1

 
Iteration 9   2021-01-02--15-54-56
 
           timeofday           | up 
-------------------------------+----
 2021-01-02 21:54:31.195988+00 |  1

 
Iteration 10   2021-01-02--15-55-06
 
           timeofday           | up 
-------------------------------+----
 2021-01-02 21:54:41.282747+00 |  1

 
Iteration 11   2021-01-02--15-55-16
 
           timeofday           | up 
-------------------------------+----
 2021-01-02 21:54:51.369616+00 |  1

 
Iteration 12   2021-01-02--15-55-26
 
           timeofday           | up 
-------------------------------+----
 2021-01-02 21:55:01.455236+00 |  1

 
Iteration 13   2021-01-02--15-55-36
 
           timeofday           | up 
-------------------------------+----
 2021-01-02 21:55:11.545159+00 |  1

 
Iteration 14   2021-01-02--15-55-46
 
           timeofday           | up 
-------------------------------+----
 2021-01-02 21:55:21.636433+00 |  1

 
Iteration 15   2021-01-02--15-55-56
 
           timeofday           | up 
-------------------------------+----
 2021-01-02 21:55:31.722738+00 |  1

 
Iteration 16   2021-01-02--15-56-06
 
           timeofday           | up 
-------------------------------+----
 2021-01-02 21:55:41.809018+00 |  1

 
Iteration 17   2021-01-02--15-56-16
 
          timeofday           | up 
------------------------------+----
 2021-01-02 21:55:51.89909+00 |  1

 
Iteration 18   2021-01-02--15-56-26
 
           timeofday           | up 
-------------------------------+----
 2021-01-02 21:56:01.989944+00 |  1

 
Iteration 19   2021-01-02--15-56-36
 
           timeofday           | up 
-------------------------------+----
 2021-01-02 21:56:12.077983+00 |  1

 
Iteration 20   2021-01-02--15-56-46
 
           timeofday           | up 
-------------------------------+----
 2021-01-02 21:56:22.165212+00 |  1

 
Iteration 21   2021-01-02--15-56-57
 
           timeofday           | up 
-------------------------------+----
 2021-01-02 21:56:32.254166+00 |  1

 
Iteration 22   2021-01-02--15-57-07
 
           timeofday           | up 
-------------------------------+----
 2021-01-02 21:56:42.342195+00 |  1

 
Iteration 23   2021-01-02--15-57-17
 
          timeofday           | up 
------------------------------+----
 2021-01-02 21:56:52.42916+00 |  1

 
Iteration 24   2021-01-02--15-57-27
 
           timeofday           | up 
-------------------------------+----
 2021-01-02 21:57:02.515785+00 |  1

 
Iteration 25   2021-01-02--15-57-37
 
           timeofday           | up 
-------------------------------+----
 2021-01-02 21:57:12.604716+00 |  1

 
Iteration 26   2021-01-02--15-57-47
 
           timeofday           | up 
-------------------------------+----
 2021-01-02 21:57:22.691315+00 |  1

 
Iteration 27   2021-01-02--15-57-57
 
           timeofday           | up 
-------------------------------+----
 2021-01-02 21:57:32.779323+00 |  1

 
Iteration 28   2021-01-02--15-58-07
 
           timeofday           | up 
-------------------------------+----
 2021-01-02 21:57:42.867516+00 |  1

 
Iteration 29   2021-01-02--15-58-17
 
           timeofday           | up 
-------------------------------+----
 2021-01-02 21:57:52.956328+00 |  1

 
Iteration 30   2021-01-02--15-58-27
 
           timeofday           | up 
-------------------------------+----
 2021-01-02 21:58:03.043357+00 |  1

 
