Starting at 2021-01-02--10-59-43
 
 
 
Iteration 1   2021-01-02--10-59-43
 
         current_date          | total_records_dataflow | total_batches_dataflow 
-------------------------------+------------------------+------------------------
 2021-01-02 16:59:18.951667+00 |                5837127 |                    290

 
Iteration 2   2021-01-02--10-59-53
 
         current_date          | total_records_dataflow | total_batches_dataflow 
-------------------------------+------------------------+------------------------
 2021-01-02 16:59:29.112878+00 |                5911386 |                    281

 
Iteration 3   2021-01-02--11-00-03
 
         current_date          | total_records_dataflow | total_batches_dataflow 
-------------------------------+------------------------+------------------------
 2021-01-02 16:59:39.244491+00 |                5878110 |                    274

 
Iteration 4   2021-01-02--11-00-14
 
         current_date          | total_records_dataflow | total_batches_dataflow 
-------------------------------+------------------------+------------------------
 2021-01-02 16:59:49.383143+00 |                5971706 |                    284

 
Iteration 5   2021-01-02--11-00-24
 
         current_date          | total_records_dataflow | total_batches_dataflow 
-------------------------------+------------------------+------------------------
 2021-01-02 16:59:59.538805+00 |                6044592 |                    279

 
Iteration 6   2021-01-02--11-00-34
 
        current_date         | total_records_dataflow | total_batches_dataflow 
-----------------------------+------------------------+------------------------
 2021-01-02 17:00:10.2002+00 |                6113384 |                    288

 
Iteration 7   2021-01-02--11-00-45
 
         current_date          | total_records_dataflow | total_batches_dataflow 
-------------------------------+------------------------+------------------------
 2021-01-02 17:00:20.351444+00 |                6109863 |                    294

 
Iteration 8   2021-01-02--11-00-55
 
         current_date         | total_records_dataflow | total_batches_dataflow 
------------------------------+------------------------+------------------------
 2021-01-02 17:00:30.53466+00 |                6200086 |                    290

 
Iteration 9   2021-01-02--11-01-05
 
         current_date          | total_records_dataflow | total_batches_dataflow 
-------------------------------+------------------------+------------------------
 2021-01-02 17:00:40.680743+00 |                6126133 |                    289

 
Iteration 10   2021-01-02--11-01-15
 
         current_date          | total_records_dataflow | total_batches_dataflow 
-------------------------------+------------------------+------------------------
 2021-01-02 17:00:50.846566+00 |                6220146 |                    292

 
