Starting at 2021-01-02--10-15-16
 
 
 
Iteration 1   2021-01-02--10-15-16
 
 worker_thread_id | dataflow_id | dataflow_name | cpu_time_dataflow_ms_per_worker | total_records_dataflow_per_worker | total_batches_dataflow_per_worker | pct_records_skew | pct_batches_skew | pct_cpu_skew | expected_pct 
------------------+-------------+---------------+---------------------------------+-----------------------------------+-----------------------------------+------------------+------------------+--------------+--------------

 
Iteration 2   2021-01-02--10-15-27
 
 worker_thread_id | dataflow_id | dataflow_name | cpu_time_dataflow_ms_per_worker | total_records_dataflow_per_worker | total_batches_dataflow_per_worker | pct_records_skew | pct_batches_skew | pct_cpu_skew | expected_pct 
------------------+-------------+---------------+---------------------------------+-----------------------------------+-----------------------------------+------------------+------------------+--------------+--------------

 
Iteration 3   2021-01-02--10-15-37
 
 worker_thread_id | dataflow_id | dataflow_name | cpu_time_dataflow_ms_per_worker | total_records_dataflow_per_worker | total_batches_dataflow_per_worker | pct_records_skew | pct_batches_skew | pct_cpu_skew | expected_pct 
------------------+-------------+---------------+---------------------------------+-----------------------------------+-----------------------------------+------------------+------------------+--------------+--------------

 
Iteration 4   2021-01-02--10-15-49
 
 worker_thread_id | dataflow_id | dataflow_name | cpu_time_dataflow_ms_per_worker | total_records_dataflow_per_worker | total_batches_dataflow_per_worker | pct_records_skew | pct_batches_skew | pct_cpu_skew | expected_pct 
------------------+-------------+---------------+---------------------------------+-----------------------------------+-----------------------------------+------------------+------------------+--------------+--------------

 
Iteration 5   2021-01-02--10-16-01
 
 worker_thread_id | dataflow_id | dataflow_name | cpu_time_dataflow_ms_per_worker | total_records_dataflow_per_worker | total_batches_dataflow_per_worker | pct_records_skew | pct_batches_skew | pct_cpu_skew | expected_pct 
------------------+-------------+---------------+---------------------------------+-----------------------------------+-----------------------------------+------------------+------------------+--------------+--------------

 
Iteration 6   2021-01-02--10-16-13
 
 worker_thread_id | dataflow_id | dataflow_name | cpu_time_dataflow_ms_per_worker | total_records_dataflow_per_worker | total_batches_dataflow_per_worker | pct_records_skew | pct_batches_skew | pct_cpu_skew | expected_pct 
------------------+-------------+---------------+---------------------------------+-----------------------------------+-----------------------------------+------------------+------------------+--------------+--------------

 
Iteration 7   2021-01-02--10-16-25
 
 worker_thread_id | dataflow_id | dataflow_name | cpu_time_dataflow_ms_per_worker | total_records_dataflow_per_worker | total_batches_dataflow_per_worker | pct_records_skew | pct_batches_skew | pct_cpu_skew | expected_pct 
------------------+-------------+---------------+---------------------------------+-----------------------------------+-----------------------------------+------------------+------------------+--------------+--------------

 
Iteration 8   2021-01-02--10-16-37
 
 worker_thread_id | dataflow_id | dataflow_name | cpu_time_dataflow_ms_per_worker | total_records_dataflow_per_worker | total_batches_dataflow_per_worker | pct_records_skew | pct_batches_skew | pct_cpu_skew | expected_pct 
------------------+-------------+---------------+---------------------------------+-----------------------------------+-----------------------------------+------------------+------------------+--------------+--------------

 
Iteration 9   2021-01-02--10-16-48
 
 worker_thread_id | dataflow_id | dataflow_name | cpu_time_dataflow_ms_per_worker | total_records_dataflow_per_worker | total_batches_dataflow_per_worker | pct_records_skew | pct_batches_skew | pct_cpu_skew | expected_pct 
------------------+-------------+---------------+---------------------------------+-----------------------------------+-----------------------------------+------------------+------------------+--------------+--------------

 
Iteration 10   2021-01-02--10-16-59
 
 worker_thread_id | dataflow_id | dataflow_name | cpu_time_dataflow_ms_per_worker | total_records_dataflow_per_worker | total_batches_dataflow_per_worker | pct_records_skew | pct_batches_skew | pct_cpu_skew | expected_pct 
------------------+-------------+---------------+---------------------------------+-----------------------------------+-----------------------------------+------------------+------------------+--------------+--------------

 
Iteration 11   2021-01-02--10-17-10
 
 worker_thread_id | dataflow_id | dataflow_name | cpu_time_dataflow_ms_per_worker | total_records_dataflow_per_worker | total_batches_dataflow_per_worker | pct_records_skew | pct_batches_skew | pct_cpu_skew | expected_pct 
------------------+-------------+---------------+---------------------------------+-----------------------------------+-----------------------------------+------------------+------------------+--------------+--------------

 
Iteration 12   2021-01-02--10-17-22
 
 worker_thread_id | dataflow_id | dataflow_name | cpu_time_dataflow_ms_per_worker | total_records_dataflow_per_worker | total_batches_dataflow_per_worker | pct_records_skew | pct_batches_skew | pct_cpu_skew | expected_pct 
------------------+-------------+---------------+---------------------------------+-----------------------------------+-----------------------------------+------------------+------------------+--------------+--------------

 
Iteration 13   2021-01-02--10-17-33
 
 worker_thread_id | dataflow_id | dataflow_name | cpu_time_dataflow_ms_per_worker | total_records_dataflow_per_worker | total_batches_dataflow_per_worker | pct_records_skew | pct_batches_skew | pct_cpu_skew | expected_pct 
------------------+-------------+---------------+---------------------------------+-----------------------------------+-----------------------------------+------------------+------------------+--------------+--------------

 
Iteration 14   2021-01-02--10-17-44
 
 worker_thread_id | dataflow_id | dataflow_name | cpu_time_dataflow_ms_per_worker | total_records_dataflow_per_worker | total_batches_dataflow_per_worker | pct_records_skew | pct_batches_skew | pct_cpu_skew | expected_pct 
------------------+-------------+---------------+---------------------------------+-----------------------------------+-----------------------------------+------------------+------------------+--------------+--------------

 
Iteration 15   2021-01-02--10-17-55
 
 worker_thread_id | dataflow_id | dataflow_name | cpu_time_dataflow_ms_per_worker | total_records_dataflow_per_worker | total_batches_dataflow_per_worker | pct_records_skew | pct_batches_skew | pct_cpu_skew | expected_pct 
------------------+-------------+---------------+---------------------------------+-----------------------------------+-----------------------------------+------------------+------------------+--------------+--------------

 
Iteration 16   2021-01-02--10-18-07
 
 worker_thread_id | dataflow_id | dataflow_name | cpu_time_dataflow_ms_per_worker | total_records_dataflow_per_worker | total_batches_dataflow_per_worker | pct_records_skew | pct_batches_skew | pct_cpu_skew | expected_pct 
------------------+-------------+---------------+---------------------------------+-----------------------------------+-----------------------------------+------------------+------------------+--------------+--------------

 
Iteration 17   2021-01-02--10-18-18
 
 worker_thread_id | dataflow_id | dataflow_name | cpu_time_dataflow_ms_per_worker | total_records_dataflow_per_worker | total_batches_dataflow_per_worker | pct_records_skew | pct_batches_skew | pct_cpu_skew | expected_pct 
------------------+-------------+---------------+---------------------------------+-----------------------------------+-----------------------------------+------------------+------------------+--------------+--------------

 
Iteration 18   2021-01-02--10-18-30
 
 worker_thread_id | dataflow_id | dataflow_name | cpu_time_dataflow_ms_per_worker | total_records_dataflow_per_worker | total_batches_dataflow_per_worker | pct_records_skew | pct_batches_skew | pct_cpu_skew | expected_pct 
------------------+-------------+---------------+---------------------------------+-----------------------------------+-----------------------------------+------------------+------------------+--------------+--------------

 
Iteration 19   2021-01-02--10-18-42
 
 worker_thread_id | dataflow_id | dataflow_name | cpu_time_dataflow_ms_per_worker | total_records_dataflow_per_worker | total_batches_dataflow_per_worker | pct_records_skew | pct_batches_skew | pct_cpu_skew | expected_pct 
------------------+-------------+---------------+---------------------------------+-----------------------------------+-----------------------------------+------------------+------------------+--------------+--------------

 
Iteration 20   2021-01-02--10-18-54
 
 worker_thread_id | dataflow_id | dataflow_name | cpu_time_dataflow_ms_per_worker | total_records_dataflow_per_worker | total_batches_dataflow_per_worker | pct_records_skew | pct_batches_skew | pct_cpu_skew | expected_pct 
------------------+-------------+---------------+---------------------------------+-----------------------------------+-----------------------------------+------------------+------------------+--------------+--------------

 
Iteration 21   2021-01-02--10-19-05
 
 worker_thread_id | dataflow_id | dataflow_name | cpu_time_dataflow_ms_per_worker | total_records_dataflow_per_worker | total_batches_dataflow_per_worker | pct_records_skew | pct_batches_skew | pct_cpu_skew | expected_pct 
------------------+-------------+---------------+---------------------------------+-----------------------------------+-----------------------------------+------------------+------------------+--------------+--------------

 
Iteration 22   2021-01-02--10-19-16
 
 worker_thread_id | dataflow_id | dataflow_name | cpu_time_dataflow_ms_per_worker | total_records_dataflow_per_worker | total_batches_dataflow_per_worker | pct_records_skew | pct_batches_skew | pct_cpu_skew | expected_pct 
------------------+-------------+---------------+---------------------------------+-----------------------------------+-----------------------------------+------------------+------------------+--------------+--------------

 
Iteration 23   2021-01-02--10-19-28
 
 worker_thread_id | dataflow_id | dataflow_name | cpu_time_dataflow_ms_per_worker | total_records_dataflow_per_worker | total_batches_dataflow_per_worker | pct_records_skew | pct_batches_skew | pct_cpu_skew | expected_pct 
------------------+-------------+---------------+---------------------------------+-----------------------------------+-----------------------------------+------------------+------------------+--------------+--------------

 
Iteration 24   2021-01-02--10-19-40
 
 worker_thread_id | dataflow_id | dataflow_name | cpu_time_dataflow_ms_per_worker | total_records_dataflow_per_worker | total_batches_dataflow_per_worker | pct_records_skew | pct_batches_skew | pct_cpu_skew | expected_pct 
------------------+-------------+---------------+---------------------------------+-----------------------------------+-----------------------------------+------------------+------------------+--------------+--------------

 
Iteration 25   2021-01-02--10-19-51
 
 worker_thread_id | dataflow_id | dataflow_name | cpu_time_dataflow_ms_per_worker | total_records_dataflow_per_worker | total_batches_dataflow_per_worker | pct_records_skew | pct_batches_skew | pct_cpu_skew | expected_pct 
------------------+-------------+---------------+---------------------------------+-----------------------------------+-----------------------------------+------------------+------------------+--------------+--------------

 
Iteration 26   2021-01-02--10-20-03
 
 worker_thread_id | dataflow_id | dataflow_name | cpu_time_dataflow_ms_per_worker | total_records_dataflow_per_worker | total_batches_dataflow_per_worker | pct_records_skew | pct_batches_skew | pct_cpu_skew | expected_pct 
------------------+-------------+---------------+---------------------------------+-----------------------------------+-----------------------------------+------------------+------------------+--------------+--------------

 
Iteration 27   2021-01-02--10-20-14
 
 worker_thread_id | dataflow_id | dataflow_name | cpu_time_dataflow_ms_per_worker | total_records_dataflow_per_worker | total_batches_dataflow_per_worker | pct_records_skew | pct_batches_skew | pct_cpu_skew | expected_pct 
------------------+-------------+---------------+---------------------------------+-----------------------------------+-----------------------------------+------------------+------------------+--------------+--------------

 
Iteration 28   2021-01-02--10-20-25
 
 worker_thread_id | dataflow_id | dataflow_name | cpu_time_dataflow_ms_per_worker | total_records_dataflow_per_worker | total_batches_dataflow_per_worker | pct_records_skew | pct_batches_skew | pct_cpu_skew | expected_pct 
------------------+-------------+---------------+---------------------------------+-----------------------------------+-----------------------------------+------------------+------------------+--------------+--------------

 
Iteration 29   2021-01-02--10-20-36
 
 worker_thread_id | dataflow_id | dataflow_name | cpu_time_dataflow_ms_per_worker | total_records_dataflow_per_worker | total_batches_dataflow_per_worker | pct_records_skew | pct_batches_skew | pct_cpu_skew | expected_pct 
------------------+-------------+---------------+---------------------------------+-----------------------------------+-----------------------------------+------------------+------------------+--------------+--------------

 
Iteration 30   2021-01-02--10-20-48
 
 worker_thread_id | dataflow_id | dataflow_name | cpu_time_dataflow_ms_per_worker | total_records_dataflow_per_worker | total_batches_dataflow_per_worker | pct_records_skew | pct_batches_skew | pct_cpu_skew | expected_pct 
------------------+-------------+---------------+---------------------------------+-----------------------------------+-----------------------------------+------------------+------------------+--------------+--------------

 
Iteration 31   2021-01-02--10-21-00
 
 worker_thread_id | dataflow_id | dataflow_name | cpu_time_dataflow_ms_per_worker | total_records_dataflow_per_worker | total_batches_dataflow_per_worker | pct_records_skew | pct_batches_skew | pct_cpu_skew | expected_pct 
------------------+-------------+---------------+---------------------------------+-----------------------------------+-----------------------------------+------------------+------------------+--------------+--------------

 
Iteration 32   2021-01-02--10-21-12
 
 worker_thread_id | dataflow_id | dataflow_name | cpu_time_dataflow_ms_per_worker | total_records_dataflow_per_worker | total_batches_dataflow_per_worker | pct_records_skew | pct_batches_skew | pct_cpu_skew | expected_pct 
------------------+-------------+---------------+---------------------------------+-----------------------------------+-----------------------------------+------------------+------------------+--------------+--------------

 
Iteration 33   2021-01-02--10-21-25
 
 worker_thread_id | dataflow_id | dataflow_name | cpu_time_dataflow_ms_per_worker | total_records_dataflow_per_worker | total_batches_dataflow_per_worker | pct_records_skew | pct_batches_skew | pct_cpu_skew | expected_pct 
------------------+-------------+---------------+---------------------------------+-----------------------------------+-----------------------------------+------------------+------------------+--------------+--------------

 
Iteration 34   2021-01-02--10-21-36
 
 worker_thread_id | dataflow_id | dataflow_name | cpu_time_dataflow_ms_per_worker | total_records_dataflow_per_worker | total_batches_dataflow_per_worker | pct_records_skew | pct_batches_skew | pct_cpu_skew | expected_pct 
------------------+-------------+---------------+---------------------------------+-----------------------------------+-----------------------------------+------------------+------------------+--------------+--------------

 
Iteration 35   2021-01-02--10-21-47
 
 worker_thread_id | dataflow_id | dataflow_name | cpu_time_dataflow_ms_per_worker | total_records_dataflow_per_worker | total_batches_dataflow_per_worker | pct_records_skew | pct_batches_skew | pct_cpu_skew | expected_pct 
------------------+-------------+---------------+---------------------------------+-----------------------------------+-----------------------------------+------------------+------------------+--------------+--------------

 
Iteration 36   2021-01-02--10-21-58
 
 worker_thread_id | dataflow_id | dataflow_name | cpu_time_dataflow_ms_per_worker | total_records_dataflow_per_worker | total_batches_dataflow_per_worker | pct_records_skew | pct_batches_skew | pct_cpu_skew | expected_pct 
------------------+-------------+---------------+---------------------------------+-----------------------------------+-----------------------------------+------------------+------------------+--------------+--------------

 
Iteration 37   2021-01-02--10-22-09
 
 worker_thread_id | dataflow_id | dataflow_name | cpu_time_dataflow_ms_per_worker | total_records_dataflow_per_worker | total_batches_dataflow_per_worker | pct_records_skew | pct_batches_skew | pct_cpu_skew | expected_pct 
------------------+-------------+---------------+---------------------------------+-----------------------------------+-----------------------------------+------------------+------------------+--------------+--------------

 
Iteration 38   2021-01-02--10-22-20
 
 worker_thread_id | dataflow_id | dataflow_name | cpu_time_dataflow_ms_per_worker | total_records_dataflow_per_worker | total_batches_dataflow_per_worker | pct_records_skew | pct_batches_skew | pct_cpu_skew | expected_pct 
------------------+-------------+---------------+---------------------------------+-----------------------------------+-----------------------------------+------------------+------------------+--------------+--------------

 
Iteration 39   2021-01-02--10-22-31
 
 worker_thread_id | dataflow_id | dataflow_name | cpu_time_dataflow_ms_per_worker | total_records_dataflow_per_worker | total_batches_dataflow_per_worker | pct_records_skew | pct_batches_skew | pct_cpu_skew | expected_pct 
------------------+-------------+---------------+---------------------------------+-----------------------------------+-----------------------------------+------------------+------------------+--------------+--------------

 
Iteration 40   2021-01-02--10-22-42
 
 worker_thread_id | dataflow_id |        dataflow_name        | cpu_time_dataflow_ms_per_worker | total_records_dataflow_per_worker | total_batches_dataflow_per_worker | pct_records_skew | pct_batches_skew | pct_cpu_skew | expected_pct 
------------------+-------------+-----------------------------+---------------------------------+-----------------------------------+-----------------------------------+------------------+------------------+--------------+--------------
                0 |    64497340 | Dataflow: temp-view-t427714 |                               0 |                               576 |                                77 |               46 |               49 |            0 |           50

 
Iteration 41   2021-01-02--10-22-54
 
 worker_thread_id | dataflow_id | dataflow_name | cpu_time_dataflow_ms_per_worker | total_records_dataflow_per_worker | total_batches_dataflow_per_worker | pct_records_skew | pct_batches_skew | pct_cpu_skew | expected_pct 
------------------+-------------+---------------+---------------------------------+-----------------------------------+-----------------------------------+------------------+------------------+--------------+--------------

 
Iteration 42   2021-01-02--10-23-04
 
 worker_thread_id | dataflow_id | dataflow_name | cpu_time_dataflow_ms_per_worker | total_records_dataflow_per_worker | total_batches_dataflow_per_worker | pct_records_skew | pct_batches_skew | pct_cpu_skew | expected_pct 
------------------+-------------+---------------+---------------------------------+-----------------------------------+-----------------------------------+------------------+------------------+--------------+--------------

 
Iteration 43   2021-01-02--10-23-15
 
 worker_thread_id | dataflow_id | dataflow_name | cpu_time_dataflow_ms_per_worker | total_records_dataflow_per_worker | total_batches_dataflow_per_worker | pct_records_skew | pct_batches_skew | pct_cpu_skew | expected_pct 
------------------+-------------+---------------+---------------------------------+-----------------------------------+-----------------------------------+------------------+------------------+--------------+--------------

 
Iteration 44   2021-01-02--10-23-25
 
 worker_thread_id | dataflow_id | dataflow_name | cpu_time_dataflow_ms_per_worker | total_records_dataflow_per_worker | total_batches_dataflow_per_worker | pct_records_skew | pct_batches_skew | pct_cpu_skew | expected_pct 
------------------+-------------+---------------+---------------------------------+-----------------------------------+-----------------------------------+------------------+------------------+--------------+--------------

 
Iteration 45   2021-01-02--10-23-36
 
 worker_thread_id | dataflow_id | dataflow_name | cpu_time_dataflow_ms_per_worker | total_records_dataflow_per_worker | total_batches_dataflow_per_worker | pct_records_skew | pct_batches_skew | pct_cpu_skew | expected_pct 
------------------+-------------+---------------+---------------------------------+-----------------------------------+-----------------------------------+------------------+------------------+--------------+--------------

 
Iteration 46   2021-01-02--10-23-47
 
 worker_thread_id | dataflow_id | dataflow_name | cpu_time_dataflow_ms_per_worker | total_records_dataflow_per_worker | total_batches_dataflow_per_worker | pct_records_skew | pct_batches_skew | pct_cpu_skew | expected_pct 
------------------+-------------+---------------+---------------------------------+-----------------------------------+-----------------------------------+------------------+------------------+--------------+--------------

 
Iteration 47   2021-01-02--10-23-58
 
 worker_thread_id | dataflow_id | dataflow_name | cpu_time_dataflow_ms_per_worker | total_records_dataflow_per_worker | total_batches_dataflow_per_worker | pct_records_skew | pct_batches_skew | pct_cpu_skew | expected_pct 
------------------+-------------+---------------+---------------------------------+-----------------------------------+-----------------------------------+------------------+------------------+--------------+--------------

 
Iteration 48   2021-01-02--10-24-09
 
 worker_thread_id | dataflow_id | dataflow_name | cpu_time_dataflow_ms_per_worker | total_records_dataflow_per_worker | total_batches_dataflow_per_worker | pct_records_skew | pct_batches_skew | pct_cpu_skew | expected_pct 
------------------+-------------+---------------+---------------------------------+-----------------------------------+-----------------------------------+------------------+------------------+--------------+--------------

 
Iteration 49   2021-01-02--10-24-19
 
 worker_thread_id | dataflow_id | dataflow_name | cpu_time_dataflow_ms_per_worker | total_records_dataflow_per_worker | total_batches_dataflow_per_worker | pct_records_skew | pct_batches_skew | pct_cpu_skew | expected_pct 
------------------+-------------+---------------+---------------------------------+-----------------------------------+-----------------------------------+------------------+------------------+--------------+--------------

 
Iteration 50   2021-01-02--10-24-30
 
 worker_thread_id | dataflow_id | dataflow_name | cpu_time_dataflow_ms_per_worker | total_records_dataflow_per_worker | total_batches_dataflow_per_worker | pct_records_skew | pct_batches_skew | pct_cpu_skew | expected_pct 
------------------+-------------+---------------+---------------------------------+-----------------------------------+-----------------------------------+------------------+------------------+--------------+--------------

 
Iteration 51   2021-01-02--10-24-41
 
 worker_thread_id | dataflow_id | dataflow_name | cpu_time_dataflow_ms_per_worker | total_records_dataflow_per_worker | total_batches_dataflow_per_worker | pct_records_skew | pct_batches_skew | pct_cpu_skew | expected_pct 
------------------+-------------+---------------+---------------------------------+-----------------------------------+-----------------------------------+------------------+------------------+--------------+--------------

 
Iteration 52   2021-01-02--10-24-53
 
 worker_thread_id | dataflow_id | dataflow_name | cpu_time_dataflow_ms_per_worker | total_records_dataflow_per_worker | total_batches_dataflow_per_worker | pct_records_skew | pct_batches_skew | pct_cpu_skew | expected_pct 
------------------+-------------+---------------+---------------------------------+-----------------------------------+-----------------------------------+------------------+------------------+--------------+--------------

 
Iteration 53   2021-01-02--10-25-04
 
 worker_thread_id | dataflow_id | dataflow_name | cpu_time_dataflow_ms_per_worker | total_records_dataflow_per_worker | total_batches_dataflow_per_worker | pct_records_skew | pct_batches_skew | pct_cpu_skew | expected_pct 
------------------+-------------+---------------+---------------------------------+-----------------------------------+-----------------------------------+------------------+------------------+--------------+--------------

 
Iteration 54   2021-01-02--10-25-16
 
 worker_thread_id | dataflow_id | dataflow_name | cpu_time_dataflow_ms_per_worker | total_records_dataflow_per_worker | total_batches_dataflow_per_worker | pct_records_skew | pct_batches_skew | pct_cpu_skew | expected_pct 
------------------+-------------+---------------+---------------------------------+-----------------------------------+-----------------------------------+------------------+------------------+--------------+--------------

 
Iteration 55   2021-01-02--10-25-27
 
 worker_thread_id | dataflow_id | dataflow_name | cpu_time_dataflow_ms_per_worker | total_records_dataflow_per_worker | total_batches_dataflow_per_worker | pct_records_skew | pct_batches_skew | pct_cpu_skew | expected_pct 
------------------+-------------+---------------+---------------------------------+-----------------------------------+-----------------------------------+------------------+------------------+--------------+--------------

 
Iteration 56   2021-01-02--10-25-38
 
 worker_thread_id | dataflow_id | dataflow_name | cpu_time_dataflow_ms_per_worker | total_records_dataflow_per_worker | total_batches_dataflow_per_worker | pct_records_skew | pct_batches_skew | pct_cpu_skew | expected_pct 
------------------+-------------+---------------+---------------------------------+-----------------------------------+-----------------------------------+------------------+------------------+--------------+--------------

 
Iteration 57   2021-01-02--10-25-49
 
 worker_thread_id | dataflow_id | dataflow_name | cpu_time_dataflow_ms_per_worker | total_records_dataflow_per_worker | total_batches_dataflow_per_worker | pct_records_skew | pct_batches_skew | pct_cpu_skew | expected_pct 
------------------+-------------+---------------+---------------------------------+-----------------------------------+-----------------------------------+------------------+------------------+--------------+--------------

 
Iteration 58   2021-01-02--10-26-00
 
 worker_thread_id | dataflow_id | dataflow_name | cpu_time_dataflow_ms_per_worker | total_records_dataflow_per_worker | total_batches_dataflow_per_worker | pct_records_skew | pct_batches_skew | pct_cpu_skew | expected_pct 
------------------+-------------+---------------+---------------------------------+-----------------------------------+-----------------------------------+------------------+------------------+--------------+--------------

 
Iteration 59   2021-01-02--10-26-11
 
 worker_thread_id | dataflow_id | dataflow_name | cpu_time_dataflow_ms_per_worker | total_records_dataflow_per_worker | total_batches_dataflow_per_worker | pct_records_skew | pct_batches_skew | pct_cpu_skew | expected_pct 
------------------+-------------+---------------+---------------------------------+-----------------------------------+-----------------------------------+------------------+------------------+--------------+--------------

 
Iteration 60   2021-01-02--10-26-22
 
 worker_thread_id | dataflow_id | dataflow_name | cpu_time_dataflow_ms_per_worker | total_records_dataflow_per_worker | total_batches_dataflow_per_worker | pct_records_skew | pct_batches_skew | pct_cpu_skew | expected_pct 
------------------+-------------+---------------+---------------------------------+-----------------------------------+-----------------------------------+------------------+------------------+--------------+--------------

 
Iteration 61   2021-01-02--10-26-34
 
 worker_thread_id | dataflow_id | dataflow_name | cpu_time_dataflow_ms_per_worker | total_records_dataflow_per_worker | total_batches_dataflow_per_worker | pct_records_skew | pct_batches_skew | pct_cpu_skew | expected_pct 
------------------+-------------+---------------+---------------------------------+-----------------------------------+-----------------------------------+------------------+------------------+--------------+--------------

 
Iteration 62   2021-01-02--10-26-46
 
 worker_thread_id | dataflow_id | dataflow_name | cpu_time_dataflow_ms_per_worker | total_records_dataflow_per_worker | total_batches_dataflow_per_worker | pct_records_skew | pct_batches_skew | pct_cpu_skew | expected_pct 
------------------+-------------+---------------+---------------------------------+-----------------------------------+-----------------------------------+------------------+------------------+--------------+--------------

 
Iteration 63   2021-01-02--10-26-58
 
 worker_thread_id | dataflow_id | dataflow_name | cpu_time_dataflow_ms_per_worker | total_records_dataflow_per_worker | total_batches_dataflow_per_worker | pct_records_skew | pct_batches_skew | pct_cpu_skew | expected_pct 
------------------+-------------+---------------+---------------------------------+-----------------------------------+-----------------------------------+------------------+------------------+--------------+--------------

 
Iteration 64   2021-01-02--10-27-09
 
 worker_thread_id | dataflow_id | dataflow_name | cpu_time_dataflow_ms_per_worker | total_records_dataflow_per_worker | total_batches_dataflow_per_worker | pct_records_skew | pct_batches_skew | pct_cpu_skew | expected_pct 
------------------+-------------+---------------+---------------------------------+-----------------------------------+-----------------------------------+------------------+------------------+--------------+--------------

 
Iteration 65   2021-01-02--10-27-21
 
 worker_thread_id | dataflow_id | dataflow_name | cpu_time_dataflow_ms_per_worker | total_records_dataflow_per_worker | total_batches_dataflow_per_worker | pct_records_skew | pct_batches_skew | pct_cpu_skew | expected_pct 
------------------+-------------+---------------+---------------------------------+-----------------------------------+-----------------------------------+------------------+------------------+--------------+--------------

 
Iteration 66   2021-01-02--10-27-32
 
 worker_thread_id | dataflow_id | dataflow_name | cpu_time_dataflow_ms_per_worker | total_records_dataflow_per_worker | total_batches_dataflow_per_worker | pct_records_skew | pct_batches_skew | pct_cpu_skew | expected_pct 
------------------+-------------+---------------+---------------------------------+-----------------------------------+-----------------------------------+------------------+------------------+--------------+--------------

 
Iteration 67   2021-01-02--10-27-44
 
 worker_thread_id | dataflow_id | dataflow_name | cpu_time_dataflow_ms_per_worker | total_records_dataflow_per_worker | total_batches_dataflow_per_worker | pct_records_skew | pct_batches_skew | pct_cpu_skew | expected_pct 
------------------+-------------+---------------+---------------------------------+-----------------------------------+-----------------------------------+------------------+------------------+--------------+--------------

 
Iteration 68   2021-01-02--10-27-56
 
 worker_thread_id | dataflow_id | dataflow_name | cpu_time_dataflow_ms_per_worker | total_records_dataflow_per_worker | total_batches_dataflow_per_worker | pct_records_skew | pct_batches_skew | pct_cpu_skew | expected_pct 
------------------+-------------+---------------+---------------------------------+-----------------------------------+-----------------------------------+------------------+------------------+--------------+--------------

 
Iteration 69   2021-01-02--10-28-08
 
 worker_thread_id | dataflow_id | dataflow_name | cpu_time_dataflow_ms_per_worker | total_records_dataflow_per_worker | total_batches_dataflow_per_worker | pct_records_skew | pct_batches_skew | pct_cpu_skew | expected_pct 
------------------+-------------+---------------+---------------------------------+-----------------------------------+-----------------------------------+------------------+------------------+--------------+--------------

 
Iteration 70   2021-01-02--10-28-20
 
 worker_thread_id | dataflow_id | dataflow_name | cpu_time_dataflow_ms_per_worker | total_records_dataflow_per_worker | total_batches_dataflow_per_worker | pct_records_skew | pct_batches_skew | pct_cpu_skew | expected_pct 
------------------+-------------+---------------+---------------------------------+-----------------------------------+-----------------------------------+------------------+------------------+--------------+--------------

 
Iteration 71   2021-01-02--10-28-32
 
 worker_thread_id | dataflow_id | dataflow_name | cpu_time_dataflow_ms_per_worker | total_records_dataflow_per_worker | total_batches_dataflow_per_worker | pct_records_skew | pct_batches_skew | pct_cpu_skew | expected_pct 
------------------+-------------+---------------+---------------------------------+-----------------------------------+-----------------------------------+------------------+------------------+--------------+--------------

 
Iteration 72   2021-01-02--10-28-44
 
 worker_thread_id | dataflow_id | dataflow_name | cpu_time_dataflow_ms_per_worker | total_records_dataflow_per_worker | total_batches_dataflow_per_worker | pct_records_skew | pct_batches_skew | pct_cpu_skew | expected_pct 
------------------+-------------+---------------+---------------------------------+-----------------------------------+-----------------------------------+------------------+------------------+--------------+--------------

 
Iteration 73   2021-01-02--10-28-56
 
 worker_thread_id | dataflow_id | dataflow_name | cpu_time_dataflow_ms_per_worker | total_records_dataflow_per_worker | total_batches_dataflow_per_worker | pct_records_skew | pct_batches_skew | pct_cpu_skew | expected_pct 
------------------+-------------+---------------+---------------------------------+-----------------------------------+-----------------------------------+------------------+------------------+--------------+--------------

 
Iteration 74   2021-01-02--10-29-08
 
 worker_thread_id | dataflow_id | dataflow_name | cpu_time_dataflow_ms_per_worker | total_records_dataflow_per_worker | total_batches_dataflow_per_worker | pct_records_skew | pct_batches_skew | pct_cpu_skew | expected_pct 
------------------+-------------+---------------+---------------------------------+-----------------------------------+-----------------------------------+------------------+------------------+--------------+--------------

 
Iteration 75   2021-01-02--10-29-19
 
 worker_thread_id | dataflow_id | dataflow_name | cpu_time_dataflow_ms_per_worker | total_records_dataflow_per_worker | total_batches_dataflow_per_worker | pct_records_skew | pct_batches_skew | pct_cpu_skew | expected_pct 
------------------+-------------+---------------+---------------------------------+-----------------------------------+-----------------------------------+------------------+------------------+--------------+--------------

 
Iteration 76   2021-01-02--10-29-30
 
 worker_thread_id | dataflow_id | dataflow_name | cpu_time_dataflow_ms_per_worker | total_records_dataflow_per_worker | total_batches_dataflow_per_worker | pct_records_skew | pct_batches_skew | pct_cpu_skew | expected_pct 
------------------+-------------+---------------+---------------------------------+-----------------------------------+-----------------------------------+------------------+------------------+--------------+--------------

 
Iteration 77   2021-01-02--10-29-42
 
 worker_thread_id | dataflow_id | dataflow_name | cpu_time_dataflow_ms_per_worker | total_records_dataflow_per_worker | total_batches_dataflow_per_worker | pct_records_skew | pct_batches_skew | pct_cpu_skew | expected_pct 
------------------+-------------+---------------+---------------------------------+-----------------------------------+-----------------------------------+------------------+------------------+--------------+--------------

 
Iteration 78   2021-01-02--10-29-54
 
 worker_thread_id | dataflow_id | dataflow_name | cpu_time_dataflow_ms_per_worker | total_records_dataflow_per_worker | total_batches_dataflow_per_worker | pct_records_skew | pct_batches_skew | pct_cpu_skew | expected_pct 
------------------+-------------+---------------+---------------------------------+-----------------------------------+-----------------------------------+------------------+------------------+--------------+--------------

 
Iteration 79   2021-01-02--10-30-05
 
 worker_thread_id | dataflow_id | dataflow_name | cpu_time_dataflow_ms_per_worker | total_records_dataflow_per_worker | total_batches_dataflow_per_worker | pct_records_skew | pct_batches_skew | pct_cpu_skew | expected_pct 
------------------+-------------+---------------+---------------------------------+-----------------------------------+-----------------------------------+------------------+------------------+--------------+--------------

 
Iteration 80   2021-01-02--10-30-17
 
 worker_thread_id | dataflow_id | dataflow_name | cpu_time_dataflow_ms_per_worker | total_records_dataflow_per_worker | total_batches_dataflow_per_worker | pct_records_skew | pct_batches_skew | pct_cpu_skew | expected_pct 
------------------+-------------+---------------+---------------------------------+-----------------------------------+-----------------------------------+------------------+------------------+--------------+--------------

 
Iteration 81   2021-01-02--10-30-28
 
 worker_thread_id | dataflow_id | dataflow_name | cpu_time_dataflow_ms_per_worker | total_records_dataflow_per_worker | total_batches_dataflow_per_worker | pct_records_skew | pct_batches_skew | pct_cpu_skew | expected_pct 
------------------+-------------+---------------+---------------------------------+-----------------------------------+-----------------------------------+------------------+------------------+--------------+--------------

 
Iteration 82   2021-01-02--10-30-40
 
 worker_thread_id | dataflow_id | dataflow_name | cpu_time_dataflow_ms_per_worker | total_records_dataflow_per_worker | total_batches_dataflow_per_worker | pct_records_skew | pct_batches_skew | pct_cpu_skew | expected_pct 
------------------+-------------+---------------+---------------------------------+-----------------------------------+-----------------------------------+------------------+------------------+--------------+--------------

 
Iteration 83   2021-01-02--10-30-52
 
 worker_thread_id | dataflow_id | dataflow_name | cpu_time_dataflow_ms_per_worker | total_records_dataflow_per_worker | total_batches_dataflow_per_worker | pct_records_skew | pct_batches_skew | pct_cpu_skew | expected_pct 
------------------+-------------+---------------+---------------------------------+-----------------------------------+-----------------------------------+------------------+------------------+--------------+--------------

 
Iteration 84   2021-01-02--10-31-04
 
 worker_thread_id | dataflow_id | dataflow_name | cpu_time_dataflow_ms_per_worker | total_records_dataflow_per_worker | total_batches_dataflow_per_worker | pct_records_skew | pct_batches_skew | pct_cpu_skew | expected_pct 
------------------+-------------+---------------+---------------------------------+-----------------------------------+-----------------------------------+------------------+------------------+--------------+--------------

 
Iteration 85   2021-01-02--10-31-16
 
 worker_thread_id | dataflow_id | dataflow_name | cpu_time_dataflow_ms_per_worker | total_records_dataflow_per_worker | total_batches_dataflow_per_worker | pct_records_skew | pct_batches_skew | pct_cpu_skew | expected_pct 
------------------+-------------+---------------+---------------------------------+-----------------------------------+-----------------------------------+------------------+------------------+--------------+--------------

 
Iteration 86   2021-01-02--10-31-28
 
 worker_thread_id | dataflow_id | dataflow_name | cpu_time_dataflow_ms_per_worker | total_records_dataflow_per_worker | total_batches_dataflow_per_worker | pct_records_skew | pct_batches_skew | pct_cpu_skew | expected_pct 
------------------+-------------+---------------+---------------------------------+-----------------------------------+-----------------------------------+------------------+------------------+--------------+--------------

 
Iteration 87   2021-01-02--10-31-40
 
 worker_thread_id | dataflow_id | dataflow_name | cpu_time_dataflow_ms_per_worker | total_records_dataflow_per_worker | total_batches_dataflow_per_worker | pct_records_skew | pct_batches_skew | pct_cpu_skew | expected_pct 
------------------+-------------+---------------+---------------------------------+-----------------------------------+-----------------------------------+------------------+------------------+--------------+--------------

 
Iteration 88   2021-01-02--10-31-50
 
 worker_thread_id | dataflow_id | dataflow_name | cpu_time_dataflow_ms_per_worker | total_records_dataflow_per_worker | total_batches_dataflow_per_worker | pct_records_skew | pct_batches_skew | pct_cpu_skew | expected_pct 
------------------+-------------+---------------+---------------------------------+-----------------------------------+-----------------------------------+------------------+------------------+--------------+--------------

 
Iteration 89   2021-01-02--10-32-02
 
 worker_thread_id | dataflow_id | dataflow_name | cpu_time_dataflow_ms_per_worker | total_records_dataflow_per_worker | total_batches_dataflow_per_worker | pct_records_skew | pct_batches_skew | pct_cpu_skew | expected_pct 
------------------+-------------+---------------+---------------------------------+-----------------------------------+-----------------------------------+------------------+------------------+--------------+--------------

 
Iteration 90   2021-01-02--10-32-14
 
 worker_thread_id | dataflow_id | dataflow_name | cpu_time_dataflow_ms_per_worker | total_records_dataflow_per_worker | total_batches_dataflow_per_worker | pct_records_skew | pct_batches_skew | pct_cpu_skew | expected_pct 
------------------+-------------+---------------+---------------------------------+-----------------------------------+-----------------------------------+------------------+------------------+--------------+--------------

 
Iteration 91   2021-01-02--10-32-26
 
 worker_thread_id | dataflow_id | dataflow_name | cpu_time_dataflow_ms_per_worker | total_records_dataflow_per_worker | total_batches_dataflow_per_worker | pct_records_skew | pct_batches_skew | pct_cpu_skew | expected_pct 
------------------+-------------+---------------+---------------------------------+-----------------------------------+-----------------------------------+------------------+------------------+--------------+--------------

 
Iteration 92   2021-01-02--10-32-38
 
 worker_thread_id | dataflow_id | dataflow_name | cpu_time_dataflow_ms_per_worker | total_records_dataflow_per_worker | total_batches_dataflow_per_worker | pct_records_skew | pct_batches_skew | pct_cpu_skew | expected_pct 
------------------+-------------+---------------+---------------------------------+-----------------------------------+-----------------------------------+------------------+------------------+--------------+--------------

 
Iteration 93   2021-01-02--10-32-50
 
 worker_thread_id | dataflow_id | dataflow_name | cpu_time_dataflow_ms_per_worker | total_records_dataflow_per_worker | total_batches_dataflow_per_worker | pct_records_skew | pct_batches_skew | pct_cpu_skew | expected_pct 
------------------+-------------+---------------+---------------------------------+-----------------------------------+-----------------------------------+------------------+------------------+--------------+--------------

 
Iteration 94   2021-01-02--10-33-00
 
 worker_thread_id | dataflow_id | dataflow_name | cpu_time_dataflow_ms_per_worker | total_records_dataflow_per_worker | total_batches_dataflow_per_worker | pct_records_skew | pct_batches_skew | pct_cpu_skew | expected_pct 
------------------+-------------+---------------+---------------------------------+-----------------------------------+-----------------------------------+------------------+------------------+--------------+--------------

 
Iteration 95   2021-01-02--10-33-11
 
 worker_thread_id | dataflow_id | dataflow_name | cpu_time_dataflow_ms_per_worker | total_records_dataflow_per_worker | total_batches_dataflow_per_worker | pct_records_skew | pct_batches_skew | pct_cpu_skew | expected_pct 
------------------+-------------+---------------+---------------------------------+-----------------------------------+-----------------------------------+------------------+------------------+--------------+--------------

 
Iteration 96   2021-01-02--10-33-24
 
 worker_thread_id | dataflow_id | dataflow_name | cpu_time_dataflow_ms_per_worker | total_records_dataflow_per_worker | total_batches_dataflow_per_worker | pct_records_skew | pct_batches_skew | pct_cpu_skew | expected_pct 
------------------+-------------+---------------+---------------------------------+-----------------------------------+-----------------------------------+------------------+------------------+--------------+--------------

 
Iteration 97   2021-01-02--10-33-36
 
 worker_thread_id | dataflow_id | dataflow_name | cpu_time_dataflow_ms_per_worker | total_records_dataflow_per_worker | total_batches_dataflow_per_worker | pct_records_skew | pct_batches_skew | pct_cpu_skew | expected_pct 
------------------+-------------+---------------+---------------------------------+-----------------------------------+-----------------------------------+------------------+------------------+--------------+--------------

 
Iteration 98   2021-01-02--10-33-47
 
 worker_thread_id | dataflow_id | dataflow_name | cpu_time_dataflow_ms_per_worker | total_records_dataflow_per_worker | total_batches_dataflow_per_worker | pct_records_skew | pct_batches_skew | pct_cpu_skew | expected_pct 
------------------+-------------+---------------+---------------------------------+-----------------------------------+-----------------------------------+------------------+------------------+--------------+--------------

 
Iteration 99   2021-01-02--10-33-59
 
 worker_thread_id | dataflow_id | dataflow_name | cpu_time_dataflow_ms_per_worker | total_records_dataflow_per_worker | total_batches_dataflow_per_worker | pct_records_skew | pct_batches_skew | pct_cpu_skew | expected_pct 
------------------+-------------+---------------+---------------------------------+-----------------------------------+-----------------------------------+------------------+------------------+--------------+--------------

 
Iteration 100   2021-01-02--10-34-11
 
 worker_thread_id | dataflow_id | dataflow_name | cpu_time_dataflow_ms_per_worker | total_records_dataflow_per_worker | total_batches_dataflow_per_worker | pct_records_skew | pct_batches_skew | pct_cpu_skew | expected_pct 
------------------+-------------+---------------+---------------------------------+-----------------------------------+-----------------------------------+------------------+------------------+--------------+--------------

 
Iteration 101   2021-01-02--10-34-23
 
 worker_thread_id | dataflow_id | dataflow_name | cpu_time_dataflow_ms_per_worker | total_records_dataflow_per_worker | total_batches_dataflow_per_worker | pct_records_skew | pct_batches_skew | pct_cpu_skew | expected_pct 
------------------+-------------+---------------+---------------------------------+-----------------------------------+-----------------------------------+------------------+------------------+--------------+--------------

 
Iteration 102   2021-01-02--10-34-34
 
 worker_thread_id | dataflow_id | dataflow_name | cpu_time_dataflow_ms_per_worker | total_records_dataflow_per_worker | total_batches_dataflow_per_worker | pct_records_skew | pct_batches_skew | pct_cpu_skew | expected_pct 
------------------+-------------+---------------+---------------------------------+-----------------------------------+-----------------------------------+------------------+------------------+--------------+--------------

 
Iteration 103   2021-01-02--10-34-46
 
 worker_thread_id | dataflow_id | dataflow_name | cpu_time_dataflow_ms_per_worker | total_records_dataflow_per_worker | total_batches_dataflow_per_worker | pct_records_skew | pct_batches_skew | pct_cpu_skew | expected_pct 
------------------+-------------+---------------+---------------------------------+-----------------------------------+-----------------------------------+------------------+------------------+--------------+--------------

 
Iteration 104   2021-01-02--10-34-57
 
 worker_thread_id | dataflow_id | dataflow_name | cpu_time_dataflow_ms_per_worker | total_records_dataflow_per_worker | total_batches_dataflow_per_worker | pct_records_skew | pct_batches_skew | pct_cpu_skew | expected_pct 
------------------+-------------+---------------+---------------------------------+-----------------------------------+-----------------------------------+------------------+------------------+--------------+--------------

 
Iteration 105   2021-01-02--10-35-08
 
 worker_thread_id | dataflow_id | dataflow_name | cpu_time_dataflow_ms_per_worker | total_records_dataflow_per_worker | total_batches_dataflow_per_worker | pct_records_skew | pct_batches_skew | pct_cpu_skew | expected_pct 
------------------+-------------+---------------+---------------------------------+-----------------------------------+-----------------------------------+------------------+------------------+--------------+--------------

 
Iteration 106   2021-01-02--10-35-20
 
 worker_thread_id | dataflow_id | dataflow_name | cpu_time_dataflow_ms_per_worker | total_records_dataflow_per_worker | total_batches_dataflow_per_worker | pct_records_skew | pct_batches_skew | pct_cpu_skew | expected_pct 
------------------+-------------+---------------+---------------------------------+-----------------------------------+-----------------------------------+------------------+------------------+--------------+--------------

 
Iteration 107   2021-01-02--10-35-31
 
 worker_thread_id | dataflow_id | dataflow_name | cpu_time_dataflow_ms_per_worker | total_records_dataflow_per_worker | total_batches_dataflow_per_worker | pct_records_skew | pct_batches_skew | pct_cpu_skew | expected_pct 
------------------+-------------+---------------+---------------------------------+-----------------------------------+-----------------------------------+------------------+------------------+--------------+--------------

 
Iteration 108   2021-01-02--10-35-42
 
 worker_thread_id | dataflow_id | dataflow_name | cpu_time_dataflow_ms_per_worker | total_records_dataflow_per_worker | total_batches_dataflow_per_worker | pct_records_skew | pct_batches_skew | pct_cpu_skew | expected_pct 
------------------+-------------+---------------+---------------------------------+-----------------------------------+-----------------------------------+------------------+------------------+--------------+--------------

 
Iteration 109   2021-01-02--10-35-53
 
 worker_thread_id | dataflow_id | dataflow_name | cpu_time_dataflow_ms_per_worker | total_records_dataflow_per_worker | total_batches_dataflow_per_worker | pct_records_skew | pct_batches_skew | pct_cpu_skew | expected_pct 
------------------+-------------+---------------+---------------------------------+-----------------------------------+-----------------------------------+------------------+------------------+--------------+--------------

 
Iteration 110   2021-01-02--10-36-04
 
 worker_thread_id | dataflow_id | dataflow_name | cpu_time_dataflow_ms_per_worker | total_records_dataflow_per_worker | total_batches_dataflow_per_worker | pct_records_skew | pct_batches_skew | pct_cpu_skew | expected_pct 
------------------+-------------+---------------+---------------------------------+-----------------------------------+-----------------------------------+------------------+------------------+--------------+--------------

 
Iteration 111   2021-01-02--10-36-15
 
 worker_thread_id | dataflow_id | dataflow_name | cpu_time_dataflow_ms_per_worker | total_records_dataflow_per_worker | total_batches_dataflow_per_worker | pct_records_skew | pct_batches_skew | pct_cpu_skew | expected_pct 
------------------+-------------+---------------+---------------------------------+-----------------------------------+-----------------------------------+------------------+------------------+--------------+--------------

 
Iteration 112   2021-01-02--10-36-26
 
 worker_thread_id | dataflow_id | dataflow_name | cpu_time_dataflow_ms_per_worker | total_records_dataflow_per_worker | total_batches_dataflow_per_worker | pct_records_skew | pct_batches_skew | pct_cpu_skew | expected_pct 
------------------+-------------+---------------+---------------------------------+-----------------------------------+-----------------------------------+------------------+------------------+--------------+--------------

 
Iteration 113   2021-01-02--10-36-37
 
 worker_thread_id | dataflow_id | dataflow_name | cpu_time_dataflow_ms_per_worker | total_records_dataflow_per_worker | total_batches_dataflow_per_worker | pct_records_skew | pct_batches_skew | pct_cpu_skew | expected_pct 
------------------+-------------+---------------+---------------------------------+-----------------------------------+-----------------------------------+------------------+------------------+--------------+--------------

 
Iteration 114   2021-01-02--10-36-48
 
 worker_thread_id | dataflow_id | dataflow_name | cpu_time_dataflow_ms_per_worker | total_records_dataflow_per_worker | total_batches_dataflow_per_worker | pct_records_skew | pct_batches_skew | pct_cpu_skew | expected_pct 
------------------+-------------+---------------+---------------------------------+-----------------------------------+-----------------------------------+------------------+------------------+--------------+--------------

 
Iteration 115   2021-01-02--10-36-59
 
 worker_thread_id | dataflow_id | dataflow_name | cpu_time_dataflow_ms_per_worker | total_records_dataflow_per_worker | total_batches_dataflow_per_worker | pct_records_skew | pct_batches_skew | pct_cpu_skew | expected_pct 
------------------+-------------+---------------+---------------------------------+-----------------------------------+-----------------------------------+------------------+------------------+--------------+--------------

 
Iteration 116   2021-01-02--10-37-11
 
 worker_thread_id | dataflow_id | dataflow_name | cpu_time_dataflow_ms_per_worker | total_records_dataflow_per_worker | total_batches_dataflow_per_worker | pct_records_skew | pct_batches_skew | pct_cpu_skew | expected_pct 
------------------+-------------+---------------+---------------------------------+-----------------------------------+-----------------------------------+------------------+------------------+--------------+--------------

 
Iteration 117   2021-01-02--10-37-23
 
 worker_thread_id | dataflow_id | dataflow_name | cpu_time_dataflow_ms_per_worker | total_records_dataflow_per_worker | total_batches_dataflow_per_worker | pct_records_skew | pct_batches_skew | pct_cpu_skew | expected_pct 
------------------+-------------+---------------+---------------------------------+-----------------------------------+-----------------------------------+------------------+------------------+--------------+--------------

 
Iteration 118   2021-01-02--10-37-34
 
 worker_thread_id | dataflow_id | dataflow_name | cpu_time_dataflow_ms_per_worker | total_records_dataflow_per_worker | total_batches_dataflow_per_worker | pct_records_skew | pct_batches_skew | pct_cpu_skew | expected_pct 
------------------+-------------+---------------+---------------------------------+-----------------------------------+-----------------------------------+------------------+------------------+--------------+--------------

 
Iteration 119   2021-01-02--10-37-45
 
 worker_thread_id | dataflow_id | dataflow_name | cpu_time_dataflow_ms_per_worker | total_records_dataflow_per_worker | total_batches_dataflow_per_worker | pct_records_skew | pct_batches_skew | pct_cpu_skew | expected_pct 
------------------+-------------+---------------+---------------------------------+-----------------------------------+-----------------------------------+------------------+------------------+--------------+--------------

 
Iteration 120   2021-01-02--10-37-56
 
 worker_thread_id | dataflow_id | dataflow_name | cpu_time_dataflow_ms_per_worker | total_records_dataflow_per_worker | total_batches_dataflow_per_worker | pct_records_skew | pct_batches_skew | pct_cpu_skew | expected_pct 
------------------+-------------+---------------+---------------------------------+-----------------------------------+-----------------------------------+------------------+------------------+--------------+--------------

 
Iteration 121   2021-01-02--10-38-07
 
 worker_thread_id | dataflow_id | dataflow_name | cpu_time_dataflow_ms_per_worker | total_records_dataflow_per_worker | total_batches_dataflow_per_worker | pct_records_skew | pct_batches_skew | pct_cpu_skew | expected_pct 
------------------+-------------+---------------+---------------------------------+-----------------------------------+-----------------------------------+------------------+------------------+--------------+--------------

 
Iteration 122   2021-01-02--10-38-18
 
 worker_thread_id | dataflow_id | dataflow_name | cpu_time_dataflow_ms_per_worker | total_records_dataflow_per_worker | total_batches_dataflow_per_worker | pct_records_skew | pct_batches_skew | pct_cpu_skew | expected_pct 
------------------+-------------+---------------+---------------------------------+-----------------------------------+-----------------------------------+------------------+------------------+--------------+--------------

 
Iteration 123   2021-01-02--10-38-29
 
 worker_thread_id | dataflow_id | dataflow_name | cpu_time_dataflow_ms_per_worker | total_records_dataflow_per_worker | total_batches_dataflow_per_worker | pct_records_skew | pct_batches_skew | pct_cpu_skew | expected_pct 
------------------+-------------+---------------+---------------------------------+-----------------------------------+-----------------------------------+------------------+------------------+--------------+--------------

 
Iteration 124   2021-01-02--10-38-40
 
 worker_thread_id | dataflow_id | dataflow_name | cpu_time_dataflow_ms_per_worker | total_records_dataflow_per_worker | total_batches_dataflow_per_worker | pct_records_skew | pct_batches_skew | pct_cpu_skew | expected_pct 
------------------+-------------+---------------+---------------------------------+-----------------------------------+-----------------------------------+------------------+------------------+--------------+--------------

 
Iteration 125   2021-01-02--10-38-52
 
 worker_thread_id | dataflow_id | dataflow_name | cpu_time_dataflow_ms_per_worker | total_records_dataflow_per_worker | total_batches_dataflow_per_worker | pct_records_skew | pct_batches_skew | pct_cpu_skew | expected_pct 
------------------+-------------+---------------+---------------------------------+-----------------------------------+-----------------------------------+------------------+------------------+--------------+--------------

 
Iteration 126   2021-01-02--10-39-03
 
 worker_thread_id | dataflow_id | dataflow_name | cpu_time_dataflow_ms_per_worker | total_records_dataflow_per_worker | total_batches_dataflow_per_worker | pct_records_skew | pct_batches_skew | pct_cpu_skew | expected_pct 
------------------+-------------+---------------+---------------------------------+-----------------------------------+-----------------------------------+------------------+------------------+--------------+--------------

 
Iteration 127   2021-01-02--10-39-15
 
 worker_thread_id | dataflow_id | dataflow_name | cpu_time_dataflow_ms_per_worker | total_records_dataflow_per_worker | total_batches_dataflow_per_worker | pct_records_skew | pct_batches_skew | pct_cpu_skew | expected_pct 
------------------+-------------+---------------+---------------------------------+-----------------------------------+-----------------------------------+------------------+------------------+--------------+--------------

 
Iteration 128   2021-01-02--10-39-26
 
 worker_thread_id | dataflow_id | dataflow_name | cpu_time_dataflow_ms_per_worker | total_records_dataflow_per_worker | total_batches_dataflow_per_worker | pct_records_skew | pct_batches_skew | pct_cpu_skew | expected_pct 
------------------+-------------+---------------+---------------------------------+-----------------------------------+-----------------------------------+------------------+------------------+--------------+--------------

 
Iteration 129   2021-01-02--10-39-37
 
 worker_thread_id | dataflow_id | dataflow_name | cpu_time_dataflow_ms_per_worker | total_records_dataflow_per_worker | total_batches_dataflow_per_worker | pct_records_skew | pct_batches_skew | pct_cpu_skew | expected_pct 
------------------+-------------+---------------+---------------------------------+-----------------------------------+-----------------------------------+------------------+------------------+--------------+--------------

 
Iteration 130   2021-01-02--10-39-48
 
 worker_thread_id | dataflow_id | dataflow_name | cpu_time_dataflow_ms_per_worker | total_records_dataflow_per_worker | total_batches_dataflow_per_worker | pct_records_skew | pct_batches_skew | pct_cpu_skew | expected_pct 
------------------+-------------+---------------+---------------------------------+-----------------------------------+-----------------------------------+------------------+------------------+--------------+--------------

 
Iteration 131   2021-01-02--10-39-59
 
 worker_thread_id | dataflow_id | dataflow_name | cpu_time_dataflow_ms_per_worker | total_records_dataflow_per_worker | total_batches_dataflow_per_worker | pct_records_skew | pct_batches_skew | pct_cpu_skew | expected_pct 
------------------+-------------+---------------+---------------------------------+-----------------------------------+-----------------------------------+------------------+------------------+--------------+--------------

 
Iteration 132   2021-01-02--10-40-10
 
 worker_thread_id | dataflow_id | dataflow_name | cpu_time_dataflow_ms_per_worker | total_records_dataflow_per_worker | total_batches_dataflow_per_worker | pct_records_skew | pct_batches_skew | pct_cpu_skew | expected_pct 
------------------+-------------+---------------+---------------------------------+-----------------------------------+-----------------------------------+------------------+------------------+--------------+--------------

 
Iteration 133   2021-01-02--10-40-21
 
 worker_thread_id | dataflow_id | dataflow_name | cpu_time_dataflow_ms_per_worker | total_records_dataflow_per_worker | total_batches_dataflow_per_worker | pct_records_skew | pct_batches_skew | pct_cpu_skew | expected_pct 
------------------+-------------+---------------+---------------------------------+-----------------------------------+-----------------------------------+------------------+------------------+--------------+--------------

 
Iteration 134   2021-01-02--10-40-32
 
 worker_thread_id | dataflow_id | dataflow_name | cpu_time_dataflow_ms_per_worker | total_records_dataflow_per_worker | total_batches_dataflow_per_worker | pct_records_skew | pct_batches_skew | pct_cpu_skew | expected_pct 
------------------+-------------+---------------+---------------------------------+-----------------------------------+-----------------------------------+------------------+------------------+--------------+--------------

 
Iteration 135   2021-01-02--10-40-43
 
 worker_thread_id | dataflow_id | dataflow_name | cpu_time_dataflow_ms_per_worker | total_records_dataflow_per_worker | total_batches_dataflow_per_worker | pct_records_skew | pct_batches_skew | pct_cpu_skew | expected_pct 
------------------+-------------+---------------+---------------------------------+-----------------------------------+-----------------------------------+------------------+------------------+--------------+--------------

 
Iteration 136   2021-01-02--10-40-54
 
 worker_thread_id | dataflow_id | dataflow_name | cpu_time_dataflow_ms_per_worker | total_records_dataflow_per_worker | total_batches_dataflow_per_worker | pct_records_skew | pct_batches_skew | pct_cpu_skew | expected_pct 
------------------+-------------+---------------+---------------------------------+-----------------------------------+-----------------------------------+------------------+------------------+--------------+--------------

 
Iteration 137   2021-01-02--10-41-05
 
 worker_thread_id | dataflow_id | dataflow_name | cpu_time_dataflow_ms_per_worker | total_records_dataflow_per_worker | total_batches_dataflow_per_worker | pct_records_skew | pct_batches_skew | pct_cpu_skew | expected_pct 
------------------+-------------+---------------+---------------------------------+-----------------------------------+-----------------------------------+------------------+------------------+--------------+--------------

 
Iteration 138   2021-01-02--10-41-16
 
 worker_thread_id | dataflow_id | dataflow_name | cpu_time_dataflow_ms_per_worker | total_records_dataflow_per_worker | total_batches_dataflow_per_worker | pct_records_skew | pct_batches_skew | pct_cpu_skew | expected_pct 
------------------+-------------+---------------+---------------------------------+-----------------------------------+-----------------------------------+------------------+------------------+--------------+--------------

 
Iteration 139   2021-01-02--10-41-27
 
 worker_thread_id | dataflow_id | dataflow_name | cpu_time_dataflow_ms_per_worker | total_records_dataflow_per_worker | total_batches_dataflow_per_worker | pct_records_skew | pct_batches_skew | pct_cpu_skew | expected_pct 
------------------+-------------+---------------+---------------------------------+-----------------------------------+-----------------------------------+------------------+------------------+--------------+--------------

 
Iteration 140   2021-01-02--10-41-38
 
 worker_thread_id | dataflow_id | dataflow_name | cpu_time_dataflow_ms_per_worker | total_records_dataflow_per_worker | total_batches_dataflow_per_worker | pct_records_skew | pct_batches_skew | pct_cpu_skew | expected_pct 
------------------+-------------+---------------+---------------------------------+-----------------------------------+-----------------------------------+------------------+------------------+--------------+--------------

 
Iteration 141   2021-01-02--10-41-49
 
 worker_thread_id | dataflow_id | dataflow_name | cpu_time_dataflow_ms_per_worker | total_records_dataflow_per_worker | total_batches_dataflow_per_worker | pct_records_skew | pct_batches_skew | pct_cpu_skew | expected_pct 
------------------+-------------+---------------+---------------------------------+-----------------------------------+-----------------------------------+------------------+------------------+--------------+--------------

 
Iteration 142   2021-01-02--10-42-00
 
 worker_thread_id | dataflow_id | dataflow_name | cpu_time_dataflow_ms_per_worker | total_records_dataflow_per_worker | total_batches_dataflow_per_worker | pct_records_skew | pct_batches_skew | pct_cpu_skew | expected_pct 
------------------+-------------+---------------+---------------------------------+-----------------------------------+-----------------------------------+------------------+------------------+--------------+--------------

 
Iteration 143   2021-01-02--10-42-11
 
 worker_thread_id | dataflow_id | dataflow_name | cpu_time_dataflow_ms_per_worker | total_records_dataflow_per_worker | total_batches_dataflow_per_worker | pct_records_skew | pct_batches_skew | pct_cpu_skew | expected_pct 
------------------+-------------+---------------+---------------------------------+-----------------------------------+-----------------------------------+------------------+------------------+--------------+--------------

 
Iteration 144   2021-01-02--10-42-22
 
 worker_thread_id | dataflow_id | dataflow_name | cpu_time_dataflow_ms_per_worker | total_records_dataflow_per_worker | total_batches_dataflow_per_worker | pct_records_skew | pct_batches_skew | pct_cpu_skew | expected_pct 
------------------+-------------+---------------+---------------------------------+-----------------------------------+-----------------------------------+------------------+------------------+--------------+--------------

 
Iteration 145   2021-01-02--10-42-33
 
 worker_thread_id | dataflow_id | dataflow_name | cpu_time_dataflow_ms_per_worker | total_records_dataflow_per_worker | total_batches_dataflow_per_worker | pct_records_skew | pct_batches_skew | pct_cpu_skew | expected_pct 
------------------+-------------+---------------+---------------------------------+-----------------------------------+-----------------------------------+------------------+------------------+--------------+--------------

 
Iteration 146   2021-01-02--10-42-44
 
 worker_thread_id | dataflow_id | dataflow_name | cpu_time_dataflow_ms_per_worker | total_records_dataflow_per_worker | total_batches_dataflow_per_worker | pct_records_skew | pct_batches_skew | pct_cpu_skew | expected_pct 
------------------+-------------+---------------+---------------------------------+-----------------------------------+-----------------------------------+------------------+------------------+--------------+--------------

 
Iteration 147   2021-01-02--10-42-55
 
 worker_thread_id | dataflow_id | dataflow_name | cpu_time_dataflow_ms_per_worker | total_records_dataflow_per_worker | total_batches_dataflow_per_worker | pct_records_skew | pct_batches_skew | pct_cpu_skew | expected_pct 
------------------+-------------+---------------+---------------------------------+-----------------------------------+-----------------------------------+------------------+------------------+--------------+--------------

 
Iteration 148   2021-01-02--10-43-06
 
 worker_thread_id | dataflow_id | dataflow_name | cpu_time_dataflow_ms_per_worker | total_records_dataflow_per_worker | total_batches_dataflow_per_worker | pct_records_skew | pct_batches_skew | pct_cpu_skew | expected_pct 
------------------+-------------+---------------+---------------------------------+-----------------------------------+-----------------------------------+------------------+------------------+--------------+--------------

 
Iteration 149   2021-01-02--10-43-18
 
 worker_thread_id | dataflow_id | dataflow_name | cpu_time_dataflow_ms_per_worker | total_records_dataflow_per_worker | total_batches_dataflow_per_worker | pct_records_skew | pct_batches_skew | pct_cpu_skew | expected_pct 
------------------+-------------+---------------+---------------------------------+-----------------------------------+-----------------------------------+------------------+------------------+--------------+--------------

 
Iteration 150   2021-01-02--10-43-29
 
 worker_thread_id | dataflow_id | dataflow_name | cpu_time_dataflow_ms_per_worker | total_records_dataflow_per_worker | total_batches_dataflow_per_worker | pct_records_skew | pct_batches_skew | pct_cpu_skew | expected_pct 
------------------+-------------+---------------+---------------------------------+-----------------------------------+-----------------------------------+------------------+------------------+--------------+--------------

 
Iteration 151   2021-01-02--10-43-40
 
 worker_thread_id | dataflow_id | dataflow_name | cpu_time_dataflow_ms_per_worker | total_records_dataflow_per_worker | total_batches_dataflow_per_worker | pct_records_skew | pct_batches_skew | pct_cpu_skew | expected_pct 
------------------+-------------+---------------+---------------------------------+-----------------------------------+-----------------------------------+------------------+------------------+--------------+--------------

 
Iteration 152   2021-01-02--10-43-51
 
 worker_thread_id | dataflow_id | dataflow_name | cpu_time_dataflow_ms_per_worker | total_records_dataflow_per_worker | total_batches_dataflow_per_worker | pct_records_skew | pct_batches_skew | pct_cpu_skew | expected_pct 
------------------+-------------+---------------+---------------------------------+-----------------------------------+-----------------------------------+------------------+------------------+--------------+--------------

 
Iteration 153   2021-01-02--10-44-03
 
 worker_thread_id | dataflow_id | dataflow_name | cpu_time_dataflow_ms_per_worker | total_records_dataflow_per_worker | total_batches_dataflow_per_worker | pct_records_skew | pct_batches_skew | pct_cpu_skew | expected_pct 
------------------+-------------+---------------+---------------------------------+-----------------------------------+-----------------------------------+------------------+------------------+--------------+--------------

 
Iteration 154   2021-01-02--10-44-14
 
 worker_thread_id | dataflow_id | dataflow_name | cpu_time_dataflow_ms_per_worker | total_records_dataflow_per_worker | total_batches_dataflow_per_worker | pct_records_skew | pct_batches_skew | pct_cpu_skew | expected_pct 
------------------+-------------+---------------+---------------------------------+-----------------------------------+-----------------------------------+------------------+------------------+--------------+--------------

 
Iteration 155   2021-01-02--10-44-25
 
 worker_thread_id | dataflow_id | dataflow_name | cpu_time_dataflow_ms_per_worker | total_records_dataflow_per_worker | total_batches_dataflow_per_worker | pct_records_skew | pct_batches_skew | pct_cpu_skew | expected_pct 
------------------+-------------+---------------+---------------------------------+-----------------------------------+-----------------------------------+------------------+------------------+--------------+--------------

 
Iteration 156   2021-01-02--10-44-36
 
 worker_thread_id | dataflow_id | dataflow_name | cpu_time_dataflow_ms_per_worker | total_records_dataflow_per_worker | total_batches_dataflow_per_worker | pct_records_skew | pct_batches_skew | pct_cpu_skew | expected_pct 
------------------+-------------+---------------+---------------------------------+-----------------------------------+-----------------------------------+------------------+------------------+--------------+--------------

 
Iteration 157   2021-01-02--10-44-47
 
 worker_thread_id | dataflow_id | dataflow_name | cpu_time_dataflow_ms_per_worker | total_records_dataflow_per_worker | total_batches_dataflow_per_worker | pct_records_skew | pct_batches_skew | pct_cpu_skew | expected_pct 
------------------+-------------+---------------+---------------------------------+-----------------------------------+-----------------------------------+------------------+------------------+--------------+--------------

 
Iteration 158   2021-01-02--10-44-58
 
 worker_thread_id | dataflow_id | dataflow_name | cpu_time_dataflow_ms_per_worker | total_records_dataflow_per_worker | total_batches_dataflow_per_worker | pct_records_skew | pct_batches_skew | pct_cpu_skew | expected_pct 
------------------+-------------+---------------+---------------------------------+-----------------------------------+-----------------------------------+------------------+------------------+--------------+--------------

 
Iteration 159   2021-01-02--10-45-09
 
 worker_thread_id | dataflow_id | dataflow_name | cpu_time_dataflow_ms_per_worker | total_records_dataflow_per_worker | total_batches_dataflow_per_worker | pct_records_skew | pct_batches_skew | pct_cpu_skew | expected_pct 
------------------+-------------+---------------+---------------------------------+-----------------------------------+-----------------------------------+------------------+------------------+--------------+--------------

 
Iteration 160   2021-01-02--10-45-20
 
 worker_thread_id | dataflow_id | dataflow_name | cpu_time_dataflow_ms_per_worker | total_records_dataflow_per_worker | total_batches_dataflow_per_worker | pct_records_skew | pct_batches_skew | pct_cpu_skew | expected_pct 
------------------+-------------+---------------+---------------------------------+-----------------------------------+-----------------------------------+------------------+------------------+--------------+--------------

 
Iteration 161   2021-01-02--10-45-30
 
 worker_thread_id | dataflow_id | dataflow_name | cpu_time_dataflow_ms_per_worker | total_records_dataflow_per_worker | total_batches_dataflow_per_worker | pct_records_skew | pct_batches_skew | pct_cpu_skew | expected_pct 
------------------+-------------+---------------+---------------------------------+-----------------------------------+-----------------------------------+------------------+------------------+--------------+--------------

 
Iteration 162   2021-01-02--10-45-42
 
 worker_thread_id | dataflow_id | dataflow_name | cpu_time_dataflow_ms_per_worker | total_records_dataflow_per_worker | total_batches_dataflow_per_worker | pct_records_skew | pct_batches_skew | pct_cpu_skew | expected_pct 
------------------+-------------+---------------+---------------------------------+-----------------------------------+-----------------------------------+------------------+------------------+--------------+--------------

 
Iteration 163   2021-01-02--10-45-53
 
 worker_thread_id | dataflow_id | dataflow_name | cpu_time_dataflow_ms_per_worker | total_records_dataflow_per_worker | total_batches_dataflow_per_worker | pct_records_skew | pct_batches_skew | pct_cpu_skew | expected_pct 
------------------+-------------+---------------+---------------------------------+-----------------------------------+-----------------------------------+------------------+------------------+--------------+--------------

 
Iteration 164   2021-01-02--10-46-04
 
 worker_thread_id | dataflow_id | dataflow_name | cpu_time_dataflow_ms_per_worker | total_records_dataflow_per_worker | total_batches_dataflow_per_worker | pct_records_skew | pct_batches_skew | pct_cpu_skew | expected_pct 
------------------+-------------+---------------+---------------------------------+-----------------------------------+-----------------------------------+------------------+------------------+--------------+--------------

 
Iteration 165   2021-01-02--10-46-16
 
 worker_thread_id | dataflow_id | dataflow_name | cpu_time_dataflow_ms_per_worker | total_records_dataflow_per_worker | total_batches_dataflow_per_worker | pct_records_skew | pct_batches_skew | pct_cpu_skew | expected_pct 
------------------+-------------+---------------+---------------------------------+-----------------------------------+-----------------------------------+------------------+------------------+--------------+--------------

 
Iteration 166   2021-01-02--10-46-27
 
 worker_thread_id | dataflow_id | dataflow_name | cpu_time_dataflow_ms_per_worker | total_records_dataflow_per_worker | total_batches_dataflow_per_worker | pct_records_skew | pct_batches_skew | pct_cpu_skew | expected_pct 
------------------+-------------+---------------+---------------------------------+-----------------------------------+-----------------------------------+------------------+------------------+--------------+--------------

 
Iteration 167   2021-01-02--10-46-38
 
 worker_thread_id | dataflow_id | dataflow_name | cpu_time_dataflow_ms_per_worker | total_records_dataflow_per_worker | total_batches_dataflow_per_worker | pct_records_skew | pct_batches_skew | pct_cpu_skew | expected_pct 
------------------+-------------+---------------+---------------------------------+-----------------------------------+-----------------------------------+------------------+------------------+--------------+--------------

 
Iteration 168   2021-01-02--10-46-49
 
 worker_thread_id | dataflow_id | dataflow_name | cpu_time_dataflow_ms_per_worker | total_records_dataflow_per_worker | total_batches_dataflow_per_worker | pct_records_skew | pct_batches_skew | pct_cpu_skew | expected_pct 
------------------+-------------+---------------+---------------------------------+-----------------------------------+-----------------------------------+------------------+------------------+--------------+--------------

 
Iteration 169   2021-01-02--10-47-00
 
 worker_thread_id | dataflow_id | dataflow_name | cpu_time_dataflow_ms_per_worker | total_records_dataflow_per_worker | total_batches_dataflow_per_worker | pct_records_skew | pct_batches_skew | pct_cpu_skew | expected_pct 
------------------+-------------+---------------+---------------------------------+-----------------------------------+-----------------------------------+------------------+------------------+--------------+--------------

 
Iteration 170   2021-01-02--10-47-11
 
 worker_thread_id | dataflow_id | dataflow_name | cpu_time_dataflow_ms_per_worker | total_records_dataflow_per_worker | total_batches_dataflow_per_worker | pct_records_skew | pct_batches_skew | pct_cpu_skew | expected_pct 
------------------+-------------+---------------+---------------------------------+-----------------------------------+-----------------------------------+------------------+------------------+--------------+--------------

 
Iteration 171   2021-01-02--10-47-22
 
 worker_thread_id | dataflow_id | dataflow_name | cpu_time_dataflow_ms_per_worker | total_records_dataflow_per_worker | total_batches_dataflow_per_worker | pct_records_skew | pct_batches_skew | pct_cpu_skew | expected_pct 
------------------+-------------+---------------+---------------------------------+-----------------------------------+-----------------------------------+------------------+------------------+--------------+--------------

 
