Starting at 2021-01-02--10-15-16
 
 
 
Iteration 1   2021-01-02--10-15-16
 
         current_date          | total_records_dataflow | total_batches_dataflow 
-------------------------------+------------------------+------------------------
 2021-01-02 16:14:51.911268+00 |                4293840 |                    331

 
Iteration 2   2021-01-02--10-15-27
 
         current_date          | total_records_dataflow | total_batches_dataflow 
-------------------------------+------------------------+------------------------
 2021-01-02 16:15:02.430568+00 |                4293840 |                    331

 
Iteration 3   2021-01-02--10-15-37
 
         current_date          | total_records_dataflow | total_batches_dataflow 
-------------------------------+------------------------+------------------------
 2021-01-02 16:15:13.270698+00 |                4293840 |                    331

 
Iteration 4   2021-01-02--10-15-49
 
         current_date          | total_records_dataflow | total_batches_dataflow 
-------------------------------+------------------------+------------------------
 2021-01-02 16:15:24.867108+00 |                4293840 |                    331

 
Iteration 5   2021-01-02--10-16-01
 
         current_date          | total_records_dataflow | total_batches_dataflow 
-------------------------------+------------------------+------------------------
 2021-01-02 16:15:36.467438+00 |                4293840 |                    331

 
Iteration 6   2021-01-02--10-16-13
 
         current_date          | total_records_dataflow | total_batches_dataflow 
-------------------------------+------------------------+------------------------
 2021-01-02 16:15:48.493305+00 |                4377889 |                    279

 
Iteration 7   2021-01-02--10-16-25
 
         current_date          | total_records_dataflow | total_batches_dataflow 
-------------------------------+------------------------+------------------------
 2021-01-02 16:16:00.706095+00 |                4421491 |                    306

 
Iteration 8   2021-01-02--10-16-37
 
         current_date          | total_records_dataflow | total_batches_dataflow 
-------------------------------+------------------------+------------------------
 2021-01-02 16:16:12.422195+00 |                4435284 |                    306

 
Iteration 9   2021-01-02--10-16-48
 
         current_date          | total_records_dataflow | total_batches_dataflow 
-------------------------------+------------------------+------------------------
 2021-01-02 16:16:23.635161+00 |                4455532 |                    289

 
Iteration 10   2021-01-02--10-16-59
 
         current_date          | total_records_dataflow | total_batches_dataflow 
-------------------------------+------------------------+------------------------
 2021-01-02 16:16:35.051996+00 |                4471301 |                    303

 
Iteration 11   2021-01-02--10-17-10
 
         current_date          | total_records_dataflow | total_batches_dataflow 
-------------------------------+------------------------+------------------------
 2021-01-02 16:16:46.121618+00 |                4486096 |                    293

 
Iteration 12   2021-01-02--10-17-22
 
         current_date          | total_records_dataflow | total_batches_dataflow 
-------------------------------+------------------------+------------------------
 2021-01-02 16:16:57.479664+00 |                4443375 |                    311

 
Iteration 13   2021-01-02--10-17-33
 
         current_date          | total_records_dataflow | total_batches_dataflow 
-------------------------------+------------------------+------------------------
 2021-01-02 16:17:09.035363+00 |                4484758 |                    296

 
Iteration 14   2021-01-02--10-17-44
 
         current_date          | total_records_dataflow | total_batches_dataflow 
-------------------------------+------------------------+------------------------
 2021-01-02 16:17:20.097259+00 |                4525787 |                    292

 
Iteration 15   2021-01-02--10-17-55
 
         current_date          | total_records_dataflow | total_batches_dataflow 
-------------------------------+------------------------+------------------------
 2021-01-02 16:17:31.243707+00 |                4548535 |                    314

 
Iteration 16   2021-01-02--10-18-07
 
         current_date          | total_records_dataflow | total_batches_dataflow 
-------------------------------+------------------------+------------------------
 2021-01-02 16:17:42.443455+00 |                4504301 |                    305

 
Iteration 17   2021-01-02--10-18-18
 
         current_date          | total_records_dataflow | total_batches_dataflow 
-------------------------------+------------------------+------------------------
 2021-01-02 16:17:54.254784+00 |                4540407 |                    293

 
Iteration 18   2021-01-02--10-18-30
 
         current_date          | total_records_dataflow | total_batches_dataflow 
-------------------------------+------------------------+------------------------
 2021-01-02 16:18:06.032572+00 |                4590342 |                    286

 
Iteration 19   2021-01-02--10-18-42
 
         current_date          | total_records_dataflow | total_batches_dataflow 
-------------------------------+------------------------+------------------------
 2021-01-02 16:18:17.329289+00 |                4630460 |                    295

 
Iteration 20   2021-01-02--10-18-54
 
         current_date          | total_records_dataflow | total_batches_dataflow 
-------------------------------+------------------------+------------------------
 2021-01-02 16:18:29.313066+00 |                4686989 |                    289

 
Iteration 21   2021-01-02--10-19-05
 
         current_date          | total_records_dataflow | total_batches_dataflow 
-------------------------------+------------------------+------------------------
 2021-01-02 16:18:40.527282+00 |                4731415 |                    303

 
Iteration 22   2021-01-02--10-19-16
 
         current_date          | total_records_dataflow | total_batches_dataflow 
-------------------------------+------------------------+------------------------
 2021-01-02 16:18:51.496728+00 |                4760069 |                    294

 
Iteration 23   2021-01-02--10-19-28
 
         current_date          | total_records_dataflow | total_batches_dataflow 
-------------------------------+------------------------+------------------------
 2021-01-02 16:19:03.354962+00 |                4790400 |                    296

 
Iteration 24   2021-01-02--10-19-39
 
         current_date          | total_records_dataflow | total_batches_dataflow 
-------------------------------+------------------------+------------------------
 2021-01-02 16:19:15.197198+00 |                4692829 |                    292

 
Iteration 25   2021-01-02--10-19-51
 
         current_date          | total_records_dataflow | total_batches_dataflow 
-------------------------------+------------------------+------------------------
 2021-01-02 16:19:26.720439+00 |                4559969 |                    283

 
Iteration 26   2021-01-02--10-20-03
 
         current_date          | total_records_dataflow | total_batches_dataflow 
-------------------------------+------------------------+------------------------
 2021-01-02 16:19:38.318114+00 |                4579141 |                    283

 
Iteration 27   2021-01-02--10-20-14
 
         current_date          | total_records_dataflow | total_batches_dataflow 
-------------------------------+------------------------+------------------------
 2021-01-02 16:19:49.576877+00 |                4616588 |                    289

 
Iteration 28   2021-01-02--10-20-25
 
         current_date          | total_records_dataflow | total_batches_dataflow 
-------------------------------+------------------------+------------------------
 2021-01-02 16:20:00.682882+00 |                4554807 |                    304

 
Iteration 29   2021-01-02--10-20-36
 
         current_date          | total_records_dataflow | total_batches_dataflow 
-------------------------------+------------------------+------------------------
 2021-01-02 16:20:12.207335+00 |                4527353 |                    293

 
Iteration 30   2021-01-02--10-20-48
 
         current_date          | total_records_dataflow | total_batches_dataflow 
-------------------------------+------------------------+------------------------
 2021-01-02 16:20:23.386547+00 |                4565167 |                    292

 
Iteration 31   2021-01-02--10-20-59
 
         current_date          | total_records_dataflow | total_batches_dataflow 
-------------------------------+------------------------+------------------------
 2021-01-02 16:20:35.274478+00 |                4594647 |                    288

 
Iteration 32   2021-01-02--10-21-11
 
         current_date          | total_records_dataflow | total_batches_dataflow 
-------------------------------+------------------------+------------------------
 2021-01-02 16:20:47.251245+00 |                4649119 |                    302

 
Iteration 33   2021-01-02--10-21-25
 
         current_date          | total_records_dataflow | total_batches_dataflow 
-------------------------------+------------------------+------------------------
 2021-01-02 16:21:00.371534+00 |                4685729 |                    296

 
Iteration 34   2021-01-02--10-21-36
 
         current_date         | total_records_dataflow | total_batches_dataflow 
------------------------------+------------------------+------------------------
 2021-01-02 16:21:11.77878+00 |                4632867 |                    289

 
Iteration 35   2021-01-02--10-21-47
 
         current_date          | total_records_dataflow | total_batches_dataflow 
-------------------------------+------------------------+------------------------
 2021-01-02 16:21:23.006571+00 |                4682549 |                    291

 
Iteration 36   2021-01-02--10-21-58
 
         current_date          | total_records_dataflow | total_batches_dataflow 
-------------------------------+------------------------+------------------------
 2021-01-02 16:21:34.224884+00 |                4665820 |                    286

 
Iteration 37   2021-01-02--10-22-09
 
         current_date          | total_records_dataflow | total_batches_dataflow 
-------------------------------+------------------------+------------------------
 2021-01-02 16:21:44.854402+00 |                4693043 |                    285

 
Iteration 38   2021-01-02--10-22-20
 
         current_date          | total_records_dataflow | total_batches_dataflow 
-------------------------------+------------------------+------------------------
 2021-01-02 16:21:55.654657+00 |                4622612 |                    277

 
Iteration 39   2021-01-02--10-22-31
 
         current_date          | total_records_dataflow | total_batches_dataflow 
-------------------------------+------------------------+------------------------
 2021-01-02 16:22:06.772762+00 |                4660464 |                    288

 
Iteration 40   2021-01-02--10-22-41
 
         current_date          | total_records_dataflow | total_batches_dataflow 
-------------------------------+------------------------+------------------------
 2021-01-02 16:22:16.984744+00 |                4711250 |                    289

 
Iteration 41   2021-01-02--10-22-51
 
         current_date         | total_records_dataflow | total_batches_dataflow 
------------------------------+------------------------+------------------------
 2021-01-02 16:22:27.17312+00 |                4750658 |                    283

 
Iteration 42   2021-01-02--10-23-02
 
         current_date          | total_records_dataflow | total_batches_dataflow 
-------------------------------+------------------------+------------------------
 2021-01-02 16:22:37.408919+00 |                4792859 |                    287

 
Iteration 43   2021-01-02--10-23-12
 
         current_date          | total_records_dataflow | total_batches_dataflow 
-------------------------------+------------------------+------------------------
 2021-01-02 16:22:47.544288+00 |                4842401 |                    289

 
Iteration 44   2021-01-02--10-23-22
 
         current_date          | total_records_dataflow | total_batches_dataflow 
-------------------------------+------------------------+------------------------
 2021-01-02 16:22:57.707722+00 |                4855239 |                    284

 
Iteration 45   2021-01-02--10-23-32
 
         current_date          | total_records_dataflow | total_batches_dataflow 
-------------------------------+------------------------+------------------------
 2021-01-02 16:23:07.921326+00 |                4900293 |                    285

 
Iteration 46   2021-01-02--10-23-42
 
         current_date          | total_records_dataflow | total_batches_dataflow 
-------------------------------+------------------------+------------------------
 2021-01-02 16:23:18.082929+00 |                4847203 |                    289

 
Iteration 47   2021-01-02--10-23-52
 
         current_date          | total_records_dataflow | total_batches_dataflow 
-------------------------------+------------------------+------------------------
 2021-01-02 16:23:28.245514+00 |                4893506 |                    298

 
Iteration 48   2021-01-02--10-24-03
 
         current_date          | total_records_dataflow | total_batches_dataflow 
-------------------------------+------------------------+------------------------
 2021-01-02 16:23:38.410306+00 |                4918880 |                    292

 
Iteration 49   2021-01-02--10-24-13
 
         current_date          | total_records_dataflow | total_batches_dataflow 
-------------------------------+------------------------+------------------------
 2021-01-02 16:23:48.567666+00 |                4960649 |                    297

 
Iteration 50   2021-01-02--10-24-23
 
         current_date          | total_records_dataflow | total_batches_dataflow 
-------------------------------+------------------------+------------------------
 2021-01-02 16:23:58.863864+00 |                4881238 |                    290

 
Iteration 51   2021-01-02--10-24-33
 
         current_date          | total_records_dataflow | total_batches_dataflow 
-------------------------------+------------------------+------------------------
 2021-01-02 16:24:09.119141+00 |                4911325 |                    300

 
Iteration 52   2021-01-02--10-24-44
 
         current_date         | total_records_dataflow | total_batches_dataflow 
------------------------------+------------------------+------------------------
 2021-01-02 16:24:19.34302+00 |                5657409 |                   1114

 
Iteration 53   2021-01-02--10-24-54
 
         current_date          | total_records_dataflow | total_batches_dataflow 
-------------------------------+------------------------+------------------------
 2021-01-02 16:24:29.614973+00 |                4997052 |                    294

 
Iteration 54   2021-01-02--10-25-04
 
         current_date          | total_records_dataflow | total_batches_dataflow 
-------------------------------+------------------------+------------------------
 2021-01-02 16:24:40.293955+00 |                5028706 |                    292

 
Iteration 55   2021-01-02--10-25-16
 
         current_date          | total_records_dataflow | total_batches_dataflow 
-------------------------------+------------------------+------------------------
 2021-01-02 16:24:51.366616+00 |                4950640 |                    293

 
Iteration 56   2021-01-02--10-25-27
 
         current_date          | total_records_dataflow | total_batches_dataflow 
-------------------------------+------------------------+------------------------
 2021-01-02 16:25:03.006556+00 |                4986818 |                    291

 
Iteration 57   2021-01-02--10-25-38
 
         current_date          | total_records_dataflow | total_batches_dataflow 
-------------------------------+------------------------+------------------------
 2021-01-02 16:25:14.153456+00 |                4937565 |                    301

 
Iteration 58   2021-01-02--10-25-49
 
         current_date          | total_records_dataflow | total_batches_dataflow 
-------------------------------+------------------------+------------------------
 2021-01-02 16:25:25.214376+00 |                4978762 |                    288

 
Iteration 59   2021-01-02--10-26-00
 
         current_date          | total_records_dataflow | total_batches_dataflow 
-------------------------------+------------------------+------------------------
 2021-01-02 16:25:35.796687+00 |                4904265 |                    301

 
Iteration 60   2021-01-02--10-26-11
 
         current_date          | total_records_dataflow | total_batches_dataflow 
-------------------------------+------------------------+------------------------
 2021-01-02 16:25:46.967102+00 |                4918290 |                    325

 
Iteration 61   2021-01-02--10-26-22
 
         current_date          | total_records_dataflow | total_batches_dataflow 
-------------------------------+------------------------+------------------------
 2021-01-02 16:25:58.101521+00 |                4886436 |                    281

 
Iteration 62   2021-01-02--10-26-34
 
         current_date          | total_records_dataflow | total_batches_dataflow 
-------------------------------+------------------------+------------------------
 2021-01-02 16:26:09.495062+00 |                4962790 |                    293

 
Iteration 63   2021-01-02--10-26-46
 
         current_date          | total_records_dataflow | total_batches_dataflow 
-------------------------------+------------------------+------------------------
 2021-01-02 16:26:21.480508+00 |                4999573 |                    293

 
Iteration 64   2021-01-02--10-26-58
 
         current_date          | total_records_dataflow | total_batches_dataflow 
-------------------------------+------------------------+------------------------
 2021-01-02 16:26:33.354384+00 |                5054746 |                    301

 
Iteration 65   2021-01-02--10-27-09
 
         current_date          | total_records_dataflow | total_batches_dataflow 
-------------------------------+------------------------+------------------------
 2021-01-02 16:26:44.676668+00 |                5124644 |                    297

 
Iteration 66   2021-01-02--10-27-21
 
         current_date          | total_records_dataflow | total_batches_dataflow 
-------------------------------+------------------------+------------------------
 2021-01-02 16:26:56.431483+00 |                5093905 |                    285

 
Iteration 67   2021-01-02--10-27-32
 
         current_date          | total_records_dataflow | total_batches_dataflow 
-------------------------------+------------------------+------------------------
 2021-01-02 16:27:07.834981+00 |                5180484 |                    291

 
Iteration 68   2021-01-02--10-27-44
 
         current_date          | total_records_dataflow | total_batches_dataflow 
-------------------------------+------------------------+------------------------
 2021-01-02 16:27:19.961197+00 |                5163439 |                    293

 
Iteration 69   2021-01-02--10-27-56
 
         current_date          | total_records_dataflow | total_batches_dataflow 
-------------------------------+------------------------+------------------------
 2021-01-02 16:27:31.504658+00 |                5199872 |                    282

 
Iteration 70   2021-01-02--10-28-08
 
         current_date         | total_records_dataflow | total_batches_dataflow 
------------------------------+------------------------+------------------------
 2021-01-02 16:27:43.51023+00 |                5305908 |                    293

 
Iteration 71   2021-01-02--10-28-20
 
         current_date          | total_records_dataflow | total_batches_dataflow 
-------------------------------+------------------------+------------------------
 2021-01-02 16:27:55.540826+00 |                5255431 |                    285

 
Iteration 72   2021-01-02--10-28-32
 
         current_date          | total_records_dataflow | total_batches_dataflow 
-------------------------------+------------------------+------------------------
 2021-01-02 16:28:07.687695+00 |                5254850 |                    286

 
Iteration 73   2021-01-02--10-28-44
 
         current_date          | total_records_dataflow | total_batches_dataflow 
-------------------------------+------------------------+------------------------
 2021-01-02 16:28:19.802337+00 |                5102273 |                    280

 
Iteration 74   2021-01-02--10-28-56
 
         current_date          | total_records_dataflow | total_batches_dataflow 
-------------------------------+------------------------+------------------------
 2021-01-02 16:28:31.744005+00 |                5097314 |                    281

 
Iteration 75   2021-01-02--10-29-06
 
         current_date          | total_records_dataflow | total_batches_dataflow 
-------------------------------+------------------------+------------------------
 2021-01-02 16:28:42.004295+00 |                5189500 |                    298

 
Iteration 76   2021-01-02--10-29-17
 
         current_date          | total_records_dataflow | total_batches_dataflow 
-------------------------------+------------------------+------------------------
 2021-01-02 16:28:52.420411+00 |                5253126 |                    277

 
Iteration 77   2021-01-02--10-29-27
 
         current_date          | total_records_dataflow | total_batches_dataflow 
-------------------------------+------------------------+------------------------
 2021-01-02 16:29:02.598876+00 |                5238889 |                    284

 
Iteration 78   2021-01-02--10-29-37
 
         current_date          | total_records_dataflow | total_batches_dataflow 
-------------------------------+------------------------+------------------------
 2021-01-02 16:29:12.835618+00 |                5318867 |                    290

 
Iteration 79   2021-01-02--10-29-48
 
         current_date          | total_records_dataflow | total_batches_dataflow 
-------------------------------+------------------------+------------------------
 2021-01-02 16:29:23.309556+00 |                5250305 |                    276

 
Iteration 80   2021-01-02--10-29-58
 
         current_date          | total_records_dataflow | total_batches_dataflow 
-------------------------------+------------------------+------------------------
 2021-01-02 16:29:33.694044+00 |                5334773 |                    278

 
Iteration 81   2021-01-02--10-30-08
 
         current_date          | total_records_dataflow | total_batches_dataflow 
-------------------------------+------------------------+------------------------
 2021-01-02 16:29:43.964369+00 |                5435847 |                    293

 
Iteration 82   2021-01-02--10-30-19
 
         current_date          | total_records_dataflow | total_batches_dataflow 
-------------------------------+------------------------+------------------------
 2021-01-02 16:29:54.505205+00 |                6126324 |                   1126

 
Iteration 83   2021-01-02--10-30-29
 
         current_date          | total_records_dataflow | total_batches_dataflow 
-------------------------------+------------------------+------------------------
 2021-01-02 16:30:04.687503+00 |                5436455 |                    282

 
Iteration 84   2021-01-02--10-30-40
 
         current_date          | total_records_dataflow | total_batches_dataflow 
-------------------------------+------------------------+------------------------
 2021-01-02 16:30:15.640939+00 |                5527830 |                    295

 
Iteration 85   2021-01-02--10-30-52
 
         current_date         | total_records_dataflow | total_batches_dataflow 
------------------------------+------------------------+------------------------
 2021-01-02 16:30:27.90902+00 |                5503512 |                    294

 
Iteration 86   2021-01-02--10-31-04
 
         current_date          | total_records_dataflow | total_batches_dataflow 
-------------------------------+------------------------+------------------------
 2021-01-02 16:30:39.845295+00 |                5577754 |                    291

 
Iteration 87   2021-01-02--10-31-16
 
         current_date          | total_records_dataflow | total_batches_dataflow 
-------------------------------+------------------------+------------------------
 2021-01-02 16:30:51.861827+00 |                5617703 |                    291

 
Iteration 88   2021-01-02--10-31-28
 
         current_date          | total_records_dataflow | total_batches_dataflow 
-------------------------------+------------------------+------------------------
 2021-01-02 16:31:03.979291+00 |                5583046 |                    296

 
Iteration 89   2021-01-02--10-31-40
 
         current_date          | total_records_dataflow | total_batches_dataflow 
-------------------------------+------------------------+------------------------
 2021-01-02 16:31:15.513877+00 |                5550849 |                    280

 
Iteration 90   2021-01-02--10-31-50
 
         current_date          | total_records_dataflow | total_batches_dataflow 
-------------------------------+------------------------+------------------------
 2021-01-02 16:31:26.117803+00 |                5559349 |                    292

 
Iteration 91   2021-01-02--10-32-02
 
         current_date          | total_records_dataflow | total_batches_dataflow 
-------------------------------+------------------------+------------------------
 2021-01-02 16:31:37.635105+00 |                5466816 |                    281

 
Iteration 92   2021-01-02--10-32-14
 
         current_date          | total_records_dataflow | total_batches_dataflow 
-------------------------------+------------------------+------------------------
 2021-01-02 16:31:49.758394+00 |                5558660 |                    269

 
Iteration 93   2021-01-02--10-32-26
 
         current_date          | total_records_dataflow | total_batches_dataflow 
-------------------------------+------------------------+------------------------
 2021-01-02 16:32:01.485638+00 |                5670643 |                    300

 
Iteration 94   2021-01-02--10-32-38
 
         current_date          | total_records_dataflow | total_batches_dataflow 
-------------------------------+------------------------+------------------------
 2021-01-02 16:32:13.916652+00 |                5609405 |                    289

 
Iteration 95   2021-01-02--10-32-50
 
         current_date         | total_records_dataflow | total_batches_dataflow 
------------------------------+------------------------+------------------------
 2021-01-02 16:32:25.41303+00 |                5703478 |                    283

 
Iteration 96   2021-01-02--10-33-00
 
         current_date          | total_records_dataflow | total_batches_dataflow 
-------------------------------+------------------------+------------------------
 2021-01-02 16:32:35.972602+00 |                5631738 |                    290

 
Iteration 97   2021-01-02--10-33-11
 
         current_date          | total_records_dataflow | total_batches_dataflow 
-------------------------------+------------------------+------------------------
 2021-01-02 16:32:47.136916+00 |                5723083 |                    284

 
Iteration 98   2021-01-02--10-33-24
 
         current_date          | total_records_dataflow | total_batches_dataflow 
-------------------------------+------------------------+------------------------
 2021-01-02 16:32:59.633065+00 |                5800204 |                    286

 
Iteration 99   2021-01-02--10-33-36
 
         current_date          | total_records_dataflow | total_batches_dataflow 
-------------------------------+------------------------+------------------------
 2021-01-02 16:33:11.328226+00 |                5856454 |                    288

 
Iteration 100   2021-01-02--10-33-47
 
         current_date          | total_records_dataflow | total_batches_dataflow 
-------------------------------+------------------------+------------------------
 2021-01-02 16:33:22.743023+00 |                5828631 |                    276

 
Iteration 101   2021-01-02--10-33-59
 
         current_date          | total_records_dataflow | total_batches_dataflow 
-------------------------------+------------------------+------------------------
 2021-01-02 16:33:34.724345+00 |                5876302 |                    275

 
Iteration 102   2021-01-02--10-34-11
 
         current_date          | total_records_dataflow | total_batches_dataflow 
-------------------------------+------------------------+------------------------
 2021-01-02 16:33:46.644478+00 |                5849947 |                    294

 
Iteration 103   2021-01-02--10-34-23
 
         current_date         | total_records_dataflow | total_batches_dataflow 
------------------------------+------------------------+------------------------
 2021-01-02 16:33:58.30145+00 |                5915686 |                    282

 
Iteration 104   2021-01-02--10-34-34
 
         current_date         | total_records_dataflow | total_batches_dataflow 
------------------------------+------------------------+------------------------
 2021-01-02 16:34:09.70303+00 |                5959749 |                    283

 
Iteration 105   2021-01-02--10-34-46
 
         current_date          | total_records_dataflow | total_batches_dataflow 
-------------------------------+------------------------+------------------------
 2021-01-02 16:34:21.711485+00 |                5982231 |                    323

 
Iteration 106   2021-01-02--10-34-57
 
         current_date         | total_records_dataflow | total_batches_dataflow 
------------------------------+------------------------+------------------------
 2021-01-02 16:34:32.77016+00 |                5982231 |                    323

 
Iteration 107   2021-01-02--10-35-08
 
         current_date          | total_records_dataflow | total_batches_dataflow 
-------------------------------+------------------------+------------------------
 2021-01-02 16:34:43.694099+00 |                5982231 |                    323

 
Iteration 108   2021-01-02--10-35-19
 
         current_date          | total_records_dataflow | total_batches_dataflow 
-------------------------------+------------------------+------------------------
 2021-01-02 16:34:55.254013+00 |                5982231 |                    323

 
Iteration 109   2021-01-02--10-35-31
 
         current_date          | total_records_dataflow | total_batches_dataflow 
-------------------------------+------------------------+------------------------
 2021-01-02 16:35:06.422887+00 |                5982231 |                    323

 
Iteration 110   2021-01-02--10-35-42
 
         current_date          | total_records_dataflow | total_batches_dataflow 
-------------------------------+------------------------+------------------------
 2021-01-02 16:35:17.389181+00 |                5982231 |                    323

 
Iteration 111   2021-01-02--10-35-53
 
         current_date          | total_records_dataflow | total_batches_dataflow 
-------------------------------+------------------------+------------------------
 2021-01-02 16:35:28.511519+00 |                5982231 |                    323

 
Iteration 112   2021-01-02--10-36-04
 
         current_date         | total_records_dataflow | total_batches_dataflow 
------------------------------+------------------------+------------------------
 2021-01-02 16:35:39.58322+00 |                5982231 |                    323

 
Iteration 113   2021-01-02--10-36-15
 
         current_date          | total_records_dataflow | total_batches_dataflow 
-------------------------------+------------------------+------------------------
 2021-01-02 16:35:50.681268+00 |                5982231 |                    323

 
Iteration 114   2021-01-02--10-36-26
 
         current_date          | total_records_dataflow | total_batches_dataflow 
-------------------------------+------------------------+------------------------
 2021-01-02 16:36:01.829655+00 |                5982231 |                    323

 
Iteration 115   2021-01-02--10-36-37
 
         current_date          | total_records_dataflow | total_batches_dataflow 
-------------------------------+------------------------+------------------------
 2021-01-02 16:36:12.890661+00 |                5982231 |                    323

 
Iteration 116   2021-01-02--10-36-48
 
         current_date          | total_records_dataflow | total_batches_dataflow 
-------------------------------+------------------------+------------------------
 2021-01-02 16:36:24.159021+00 |                5982231 |                    323

 
Iteration 117   2021-01-02--10-36-59
 
         current_date          | total_records_dataflow | total_batches_dataflow 
-------------------------------+------------------------+------------------------
 2021-01-02 16:36:35.259371+00 |                5982231 |                    323

 
Iteration 118   2021-01-02--10-37-11
 
         current_date          | total_records_dataflow | total_batches_dataflow 
-------------------------------+------------------------+------------------------
 2021-01-02 16:36:47.116978+00 |                5982231 |                    323

 
Iteration 119   2021-01-02--10-37-23
 
         current_date          | total_records_dataflow | total_batches_dataflow 
-------------------------------+------------------------+------------------------
 2021-01-02 16:36:58.981618+00 |                5982231 |                    323

 
Iteration 120   2021-01-02--10-37-34
 
         current_date          | total_records_dataflow | total_batches_dataflow 
-------------------------------+------------------------+------------------------
 2021-01-02 16:37:10.021595+00 |                5982231 |                    323

 
Iteration 121   2021-01-02--10-37-45
 
         current_date          | total_records_dataflow | total_batches_dataflow 
-------------------------------+------------------------+------------------------
 2021-01-02 16:37:20.989031+00 |                5982231 |                    323

 
Iteration 122   2021-01-02--10-37-56
 
         current_date          | total_records_dataflow | total_batches_dataflow 
-------------------------------+------------------------+------------------------
 2021-01-02 16:37:32.047021+00 |                5982231 |                    323

 
Iteration 123   2021-01-02--10-38-07
 
         current_date          | total_records_dataflow | total_batches_dataflow 
-------------------------------+------------------------+------------------------
 2021-01-02 16:37:42.860404+00 |                5982231 |                    323

 
Iteration 124   2021-01-02--10-38-18
 
         current_date          | total_records_dataflow | total_batches_dataflow 
-------------------------------+------------------------+------------------------
 2021-01-02 16:37:53.683224+00 |                5982231 |                    323

 
Iteration 125   2021-01-02--10-38-29
 
         current_date          | total_records_dataflow | total_batches_dataflow 
-------------------------------+------------------------+------------------------
 2021-01-02 16:38:04.549613+00 |                5982231 |                    323

 
Iteration 126   2021-01-02--10-38-40
 
         current_date          | total_records_dataflow | total_batches_dataflow 
-------------------------------+------------------------+------------------------
 2021-01-02 16:38:16.224391+00 |                5982231 |                    323

 
Iteration 127   2021-01-02--10-38-52
 
         current_date         | total_records_dataflow | total_batches_dataflow 
------------------------------+------------------------+------------------------
 2021-01-02 16:38:27.43482+00 |                5982231 |                    323

 
Iteration 128   2021-01-02--10-39-03
 
         current_date          | total_records_dataflow | total_batches_dataflow 
-------------------------------+------------------------+------------------------
 2021-01-02 16:38:39.223621+00 |                5982231 |                    323

 
Iteration 129   2021-01-02--10-39-15
 
         current_date          | total_records_dataflow | total_batches_dataflow 
-------------------------------+------------------------+------------------------
 2021-01-02 16:38:50.305636+00 |                5982231 |                    323

 
Iteration 130   2021-01-02--10-39-26
 
         current_date          | total_records_dataflow | total_batches_dataflow 
-------------------------------+------------------------+------------------------
 2021-01-02 16:39:01.483662+00 |                5982231 |                    323

 
Iteration 131   2021-01-02--10-39-37
 
         current_date          | total_records_dataflow | total_batches_dataflow 
-------------------------------+------------------------+------------------------
 2021-01-02 16:39:12.586265+00 |                5982231 |                    323

 
Iteration 132   2021-01-02--10-39-48
 
         current_date          | total_records_dataflow | total_batches_dataflow 
-------------------------------+------------------------+------------------------
 2021-01-02 16:39:23.677646+00 |                5982231 |                    323

 
Iteration 133   2021-01-02--10-39-59
 
         current_date          | total_records_dataflow | total_batches_dataflow 
-------------------------------+------------------------+------------------------
 2021-01-02 16:39:34.798981+00 |                5982231 |                    323

 
Iteration 134   2021-01-02--10-40-10
 
         current_date          | total_records_dataflow | total_batches_dataflow 
-------------------------------+------------------------+------------------------
 2021-01-02 16:39:45.812302+00 |                5982231 |                    323

 
Iteration 135   2021-01-02--10-40-21
 
         current_date          | total_records_dataflow | total_batches_dataflow 
-------------------------------+------------------------+------------------------
 2021-01-02 16:39:56.431003+00 |                5982231 |                    323

 
Iteration 136   2021-01-02--10-40-32
 
         current_date          | total_records_dataflow | total_batches_dataflow 
-------------------------------+------------------------+------------------------
 2021-01-02 16:40:07.469124+00 |                5982231 |                    323

 
Iteration 137   2021-01-02--10-40-43
 
         current_date          | total_records_dataflow | total_batches_dataflow 
-------------------------------+------------------------+------------------------
 2021-01-02 16:40:18.673252+00 |                5982231 |                    323

 
Iteration 138   2021-01-02--10-40-54
 
         current_date          | total_records_dataflow | total_batches_dataflow 
-------------------------------+------------------------+------------------------
 2021-01-02 16:40:29.773413+00 |                5982231 |                    323

 
Iteration 139   2021-01-02--10-41-05
 
         current_date          | total_records_dataflow | total_batches_dataflow 
-------------------------------+------------------------+------------------------
 2021-01-02 16:40:40.640631+00 |                5982231 |                    323

 
Iteration 140   2021-01-02--10-41-16
 
         current_date          | total_records_dataflow | total_batches_dataflow 
-------------------------------+------------------------+------------------------
 2021-01-02 16:40:51.346042+00 |                5982231 |                    323

 
Iteration 141   2021-01-02--10-41-27
 
         current_date          | total_records_dataflow | total_batches_dataflow 
-------------------------------+------------------------+------------------------
 2021-01-02 16:41:02.391695+00 |                5982231 |                    323

 
Iteration 142   2021-01-02--10-41-38
 
         current_date         | total_records_dataflow | total_batches_dataflow 
------------------------------+------------------------+------------------------
 2021-01-02 16:41:13.43844+00 |                5982231 |                    323

 
Iteration 143   2021-01-02--10-41-49
 
         current_date          | total_records_dataflow | total_batches_dataflow 
-------------------------------+------------------------+------------------------
 2021-01-02 16:41:24.496263+00 |                5982231 |                    323

 
Iteration 144   2021-01-02--10-42-00
 
         current_date          | total_records_dataflow | total_batches_dataflow 
-------------------------------+------------------------+------------------------
 2021-01-02 16:41:35.607513+00 |                5982231 |                    323

 
Iteration 145   2021-01-02--10-42-11
 
         current_date         | total_records_dataflow | total_batches_dataflow 
------------------------------+------------------------+------------------------
 2021-01-02 16:41:46.83443+00 |                5982231 |                    323

 
Iteration 146   2021-01-02--10-42-22
 
         current_date         | total_records_dataflow | total_batches_dataflow 
------------------------------+------------------------+------------------------
 2021-01-02 16:41:57.84809+00 |                5982231 |                    323

 
Iteration 147   2021-01-02--10-42-33
 
         current_date          | total_records_dataflow | total_batches_dataflow 
-------------------------------+------------------------+------------------------
 2021-01-02 16:42:08.677647+00 |                5982231 |                    323

 
Iteration 148   2021-01-02--10-42-44
 
         current_date          | total_records_dataflow | total_batches_dataflow 
-------------------------------+------------------------+------------------------
 2021-01-02 16:42:19.535261+00 |                5982231 |                    323

 
Iteration 149   2021-01-02--10-42-55
 
         current_date         | total_records_dataflow | total_batches_dataflow 
------------------------------+------------------------+------------------------
 2021-01-02 16:42:30.52053+00 |                5982231 |                    323

 
Iteration 150   2021-01-02--10-43-06
 
         current_date         | total_records_dataflow | total_batches_dataflow 
------------------------------+------------------------+------------------------
 2021-01-02 16:42:42.21032+00 |                5982231 |                    323

 
Iteration 151   2021-01-02--10-43-17
 
         current_date          | total_records_dataflow | total_batches_dataflow 
-------------------------------+------------------------+------------------------
 2021-01-02 16:42:53.296819+00 |                5982231 |                    323

 
Iteration 152   2021-01-02--10-43-29
 
         current_date         | total_records_dataflow | total_batches_dataflow 
------------------------------+------------------------+------------------------
 2021-01-02 16:43:04.31699+00 |                5982231 |                    323

 
Iteration 153   2021-01-02--10-43-40
 
         current_date          | total_records_dataflow | total_batches_dataflow 
-------------------------------+------------------------+------------------------
 2021-01-02 16:43:16.064726+00 |                5982231 |                    323

 
Iteration 154   2021-01-02--10-43-51
 
         current_date          | total_records_dataflow | total_batches_dataflow 
-------------------------------+------------------------+------------------------
 2021-01-02 16:43:27.252738+00 |                5982231 |                    323

 
Iteration 155   2021-01-02--10-44-03
 
         current_date          | total_records_dataflow | total_batches_dataflow 
-------------------------------+------------------------+------------------------
 2021-01-02 16:43:38.381096+00 |                5982231 |                    323

 
Iteration 156   2021-01-02--10-44-14
 
         current_date          | total_records_dataflow | total_batches_dataflow 
-------------------------------+------------------------+------------------------
 2021-01-02 16:43:49.353425+00 |                5982231 |                    323

 
Iteration 157   2021-01-02--10-44-25
 
         current_date          | total_records_dataflow | total_batches_dataflow 
-------------------------------+------------------------+------------------------
 2021-01-02 16:44:01.051967+00 |                5982231 |                    323

 
Iteration 158   2021-01-02--10-44-36
 
         current_date          | total_records_dataflow | total_batches_dataflow 
-------------------------------+------------------------+------------------------
 2021-01-02 16:44:12.093926+00 |                5982231 |                    323

 
Iteration 159   2021-01-02--10-44-47
 
         current_date          | total_records_dataflow | total_batches_dataflow 
-------------------------------+------------------------+------------------------
 2021-01-02 16:44:22.826054+00 |                5982231 |                    323

 
Iteration 160   2021-01-02--10-44-58
 
         current_date          | total_records_dataflow | total_batches_dataflow 
-------------------------------+------------------------+------------------------
 2021-01-02 16:44:33.608717+00 |                5982231 |                    323

 
Iteration 161   2021-01-02--10-45-09
 
         current_date          | total_records_dataflow | total_batches_dataflow 
-------------------------------+------------------------+------------------------
 2021-01-02 16:44:44.452335+00 |                5982231 |                    323

 
Iteration 162   2021-01-02--10-45-20
 
         current_date          | total_records_dataflow | total_batches_dataflow 
-------------------------------+------------------------+------------------------
 2021-01-02 16:44:55.417337+00 |                5982231 |                    323

 
Iteration 163   2021-01-02--10-45-30
 
         current_date          | total_records_dataflow | total_batches_dataflow 
-------------------------------+------------------------+------------------------
 2021-01-02 16:45:06.233781+00 |                5982231 |                    323

 
Iteration 164   2021-01-02--10-45-42
 
         current_date          | total_records_dataflow | total_batches_dataflow 
-------------------------------+------------------------+------------------------
 2021-01-02 16:45:17.349647+00 |                5982231 |                    323

 
Iteration 165   2021-01-02--10-45-53
 
         current_date          | total_records_dataflow | total_batches_dataflow 
-------------------------------+------------------------+------------------------
 2021-01-02 16:45:29.189434+00 |                5982231 |                    323

 
Iteration 166   2021-01-02--10-46-04
 
         current_date          | total_records_dataflow | total_batches_dataflow 
-------------------------------+------------------------+------------------------
 2021-01-02 16:45:40.231648+00 |                5982231 |                    323

 
Iteration 167   2021-01-02--10-46-16
 
         current_date          | total_records_dataflow | total_batches_dataflow 
-------------------------------+------------------------+------------------------
 2021-01-02 16:45:51.329093+00 |                5982231 |                    323

 
Iteration 168   2021-01-02--10-46-27
 
         current_date          | total_records_dataflow | total_batches_dataflow 
-------------------------------+------------------------+------------------------
 2021-01-02 16:46:02.379697+00 |                5982231 |                    323

 
Iteration 169   2021-01-02--10-46-38
 
         current_date         | total_records_dataflow | total_batches_dataflow 
------------------------------+------------------------+------------------------
 2021-01-02 16:46:13.46792+00 |                5982231 |                    323

 
Iteration 170   2021-01-02--10-46-49
 
         current_date          | total_records_dataflow | total_batches_dataflow 
-------------------------------+------------------------+------------------------
 2021-01-02 16:46:24.543849+00 |                5982231 |                    323

 
Iteration 171   2021-01-02--10-47-00
 
         current_date          | total_records_dataflow | total_batches_dataflow 
-------------------------------+------------------------+------------------------
 2021-01-02 16:46:35.611424+00 |                5982231 |                    323

 
Iteration 172   2021-01-02--10-47-11
 
         current_date          | total_records_dataflow | total_batches_dataflow 
-------------------------------+------------------------+------------------------
 2021-01-02 16:46:46.787854+00 |                5982231 |                    323

 
Iteration 173   2021-01-02--10-47-22
 
         current_date          | total_records_dataflow | total_batches_dataflow 
-------------------------------+------------------------+------------------------
 2021-01-02 16:46:57.852362+00 |                5982231 |                    323

 
