Starting at 2021-01-02--10-15-16
 
 
 
Iteration 1   2021-01-02--10-15-16
 
           timeofday           | up 
-------------------------------+----
 2021-01-02 16:14:51.894123+00 |  1

 
Iteration 2   2021-01-02--10-15-26
 
           timeofday           | up 
-------------------------------+----
 2021-01-02 16:15:01.981221+00 |  1

 
Iteration 3   2021-01-02--10-15-36
 
           timeofday           | up 
-------------------------------+----
 2021-01-02 16:15:12.069436+00 |  1

 
Iteration 4   2021-01-02--10-15-46
 
           timeofday           | up 
-------------------------------+----
 2021-01-02 16:15:22.156924+00 |  1

 
Iteration 5   2021-01-02--10-15-56
 
           timeofday           | up 
-------------------------------+----
 2021-01-02 16:15:32.246516+00 |  1

 
Iteration 6   2021-01-02--10-16-07
 
           timeofday           | up 
-------------------------------+----
 2021-01-02 16:15:42.332511+00 |  1

 
Iteration 7   2021-01-02--10-16-17
 
           timeofday           | up 
-------------------------------+----
 2021-01-02 16:15:52.420669+00 |  1

 
Iteration 8   2021-01-02--10-16-27
 
           timeofday           | up 
-------------------------------+----
 2021-01-02 16:16:02.507019+00 |  1

 
Iteration 9   2021-01-02--10-16-37
 
           timeofday           | up 
-------------------------------+----
 2021-01-02 16:16:12.593761+00 |  1

 
Iteration 10   2021-01-02--10-16-47
 
           timeofday           | up 
-------------------------------+----
 2021-01-02 16:16:22.681664+00 |  1

 
Iteration 11   2021-01-02--10-16-57
 
           timeofday           | up 
-------------------------------+----
 2021-01-02 16:16:32.772592+00 |  1

 
Iteration 12   2021-01-02--10-17-07
 
           timeofday           | up 
-------------------------------+----
 2021-01-02 16:16:42.861534+00 |  1

 
Iteration 13   2021-01-02--10-17-17
 
           timeofday           | up 
-------------------------------+----
 2021-01-02 16:16:52.949488+00 |  1

 
Iteration 14   2021-01-02--10-17-27
 
           timeofday           | up 
-------------------------------+----
 2021-01-02 16:17:03.045413+00 |  1

 
Iteration 15   2021-01-02--10-17-37
 
           timeofday           | up 
-------------------------------+----
 2021-01-02 16:17:13.133036+00 |  1

 
Iteration 16   2021-01-02--10-17-47
 
           timeofday           | up 
-------------------------------+----
 2021-01-02 16:17:23.228623+00 |  1

 
Iteration 17   2021-01-02--10-17-58
 
           timeofday           | up 
-------------------------------+----
 2021-01-02 16:17:33.316809+00 |  1

 
Iteration 18   2021-01-02--10-18-08
 
           timeofday           | up 
-------------------------------+----
 2021-01-02 16:17:43.404331+00 |  1

 
Iteration 19   2021-01-02--10-18-18
 
           timeofday           | up 
-------------------------------+----
 2021-01-02 16:17:53.492419+00 |  1

 
Iteration 20   2021-01-02--10-18-28
 
           timeofday           | up 
-------------------------------+----
 2021-01-02 16:18:03.579302+00 |  1

 
Iteration 21   2021-01-02--10-18-38
 
          timeofday           | up 
------------------------------+----
 2021-01-02 16:18:13.66497+00 |  1

 
Iteration 22   2021-01-02--10-18-48
 
           timeofday           | up 
-------------------------------+----
 2021-01-02 16:18:23.751878+00 |  1

 
Iteration 23   2021-01-02--10-18-58
 
           timeofday           | up 
-------------------------------+----
 2021-01-02 16:18:33.839289+00 |  1

 
Iteration 24   2021-01-02--10-19-08
 
           timeofday           | up 
-------------------------------+----
 2021-01-02 16:18:43.930474+00 |  1

 
Iteration 25   2021-01-02--10-19-18
 
           timeofday           | up 
-------------------------------+----
 2021-01-02 16:18:54.018542+00 |  1

 
Iteration 26   2021-01-02--10-19-28
 
          timeofday           | up 
------------------------------+----
 2021-01-02 16:19:04.10466+00 |  1

 
Iteration 27   2021-01-02--10-19-38
 
           timeofday           | up 
-------------------------------+----
 2021-01-02 16:19:14.192797+00 |  1

 
Iteration 28   2021-01-02--10-19-48
 
           timeofday           | up 
-------------------------------+----
 2021-01-02 16:19:24.280108+00 |  1

 
Iteration 29   2021-01-02--10-19-59
 
          timeofday           | up 
------------------------------+----
 2021-01-02 16:19:34.36827+00 |  1

 
Iteration 30   2021-01-02--10-20-09
 
           timeofday           | up 
-------------------------------+----
 2021-01-02 16:19:44.454361+00 |  1

 
Iteration 31   2021-01-02--10-20-19
 
           timeofday           | up 
-------------------------------+----
 2021-01-02 16:19:54.540655+00 |  1

 
Iteration 32   2021-01-02--10-20-29
 
           timeofday           | up 
-------------------------------+----
 2021-01-02 16:20:04.627038+00 |  1

 
Iteration 33   2021-01-02--10-20-39
 
           timeofday           | up 
-------------------------------+----
 2021-01-02 16:20:14.714586+00 |  1

 
Iteration 34   2021-01-02--10-20-49
 
           timeofday           | up 
-------------------------------+----
 2021-01-02 16:20:24.801738+00 |  1

 
Iteration 35   2021-01-02--10-20-59
 
           timeofday           | up 
-------------------------------+----
 2021-01-02 16:20:34.892145+00 |  1

 
Iteration 36   2021-01-02--10-21-09
 
           timeofday           | up 
-------------------------------+----
 2021-01-02 16:20:44.980688+00 |  1

 
Iteration 37   2021-01-02--10-21-19
 
           timeofday           | up 
-------------------------------+----
 2021-01-02 16:20:55.069319+00 |  1

 
Iteration 38   2021-01-02--10-21-29
 
           timeofday           | up 
-------------------------------+----
 2021-01-02 16:21:05.158056+00 |  1

 
Iteration 39   2021-01-02--10-21-39
 
           timeofday           | up 
-------------------------------+----
 2021-01-02 16:21:15.245973+00 |  1

 
Iteration 40   2021-01-02--10-21-50
 
           timeofday           | up 
-------------------------------+----
 2021-01-02 16:21:25.333889+00 |  1

 
Iteration 41   2021-01-02--10-22-00
 
           timeofday           | up 
-------------------------------+----
 2021-01-02 16:21:35.421158+00 |  1

 
Iteration 42   2021-01-02--10-22-10
 
           timeofday           | up 
-------------------------------+----
 2021-01-02 16:21:45.507263+00 |  1

 
Iteration 43   2021-01-02--10-22-20
 
           timeofday           | up 
-------------------------------+----
 2021-01-02 16:21:55.595072+00 |  1

 
Iteration 44   2021-01-02--10-22-30
 
           timeofday           | up 
-------------------------------+----
 2021-01-02 16:22:05.681548+00 |  1

 
Iteration 45   2021-01-02--10-22-40
 
           timeofday           | up 
-------------------------------+----
 2021-01-02 16:22:15.770414+00 |  1

 
Iteration 46   2021-01-02--10-22-50
 
           timeofday           | up 
-------------------------------+----
 2021-01-02 16:22:25.856542+00 |  1

 
Iteration 47   2021-01-02--10-23-00
 
           timeofday           | up 
-------------------------------+----
 2021-01-02 16:22:35.943225+00 |  1

 
Iteration 48   2021-01-02--10-23-10
 
           timeofday           | up 
-------------------------------+----
 2021-01-02 16:22:46.032067+00 |  1

 
Iteration 49   2021-01-02--10-23-20
 
           timeofday           | up 
-------------------------------+----
 2021-01-02 16:22:56.121965+00 |  1

 
Iteration 50   2021-01-02--10-23-30
 
           timeofday           | up 
-------------------------------+----
 2021-01-02 16:23:06.210342+00 |  1

 
Iteration 51   2021-01-02--10-23-41
 
           timeofday           | up 
-------------------------------+----
 2021-01-02 16:23:16.301357+00 |  1

 
Iteration 52   2021-01-02--10-23-51
 
           timeofday           | up 
-------------------------------+----
 2021-01-02 16:23:26.388432+00 |  1

 
Iteration 53   2021-01-02--10-24-01
 
           timeofday           | up 
-------------------------------+----
 2021-01-02 16:23:36.475604+00 |  1

 
Iteration 54   2021-01-02--10-24-11
 
           timeofday           | up 
-------------------------------+----
 2021-01-02 16:23:46.564295+00 |  1

 
Iteration 55   2021-01-02--10-24-21
 
          timeofday           | up 
------------------------------+----
 2021-01-02 16:23:56.65168+00 |  1

 
Iteration 56   2021-01-02--10-24-31
 
           timeofday           | up 
-------------------------------+----
 2021-01-02 16:24:06.737431+00 |  1

 
Iteration 57   2021-01-02--10-24-41
 
           timeofday           | up 
-------------------------------+----
 2021-01-02 16:24:16.823947+00 |  1

 
Iteration 58   2021-01-02--10-24-51
 
           timeofday           | up 
-------------------------------+----
 2021-01-02 16:24:26.910527+00 |  1

 
Iteration 59   2021-01-02--10-25-01
 
          timeofday           | up 
------------------------------+----
 2021-01-02 16:24:36.99847+00 |  1

 
Iteration 60   2021-01-02--10-25-11
 
           timeofday           | up 
-------------------------------+----
 2021-01-02 16:24:47.085471+00 |  1

 
Iteration 61   2021-01-02--10-25-21
 
           timeofday           | up 
-------------------------------+----
 2021-01-02 16:24:57.173827+00 |  1

 
Iteration 62   2021-01-02--10-25-31
 
           timeofday           | up 
-------------------------------+----
 2021-01-02 16:25:07.259631+00 |  1

 
Iteration 63   2021-01-02--10-25-42
 
           timeofday           | up 
-------------------------------+----
 2021-01-02 16:25:17.346485+00 |  1

 
Iteration 64   2021-01-02--10-25-52
 
           timeofday           | up 
-------------------------------+----
 2021-01-02 16:25:27.434794+00 |  1

 
Iteration 65   2021-01-02--10-26-02
 
           timeofday           | up 
-------------------------------+----
 2021-01-02 16:25:37.522931+00 |  1

 
Iteration 66   2021-01-02--10-26-12
 
           timeofday           | up 
-------------------------------+----
 2021-01-02 16:25:47.611068+00 |  1

 
Iteration 67   2021-01-02--10-26-22
 
           timeofday           | up 
-------------------------------+----
 2021-01-02 16:25:57.699288+00 |  1

 
Iteration 68   2021-01-02--10-26-32
 
           timeofday           | up 
-------------------------------+----
 2021-01-02 16:26:07.787949+00 |  1

 
Iteration 69   2021-01-02--10-26-42
 
           timeofday           | up 
-------------------------------+----
 2021-01-02 16:26:17.873132+00 |  1

 
Iteration 70   2021-01-02--10-26-52
 
           timeofday           | up 
-------------------------------+----
 2021-01-02 16:26:27.963592+00 |  1

 
Iteration 71   2021-01-02--10-27-02
 
           timeofday           | up 
-------------------------------+----
 2021-01-02 16:26:38.052963+00 |  1

 
Iteration 72   2021-01-02--10-27-12
 
           timeofday           | up 
-------------------------------+----
 2021-01-02 16:26:48.139963+00 |  1

 
Iteration 73   2021-01-02--10-27-22
 
           timeofday           | up 
-------------------------------+----
 2021-01-02 16:26:58.228053+00 |  1

 
Iteration 74   2021-01-02--10-27-33
 
           timeofday           | up 
-------------------------------+----
 2021-01-02 16:27:08.314643+00 |  1

 
Iteration 75   2021-01-02--10-27-43
 
           timeofday           | up 
-------------------------------+----
 2021-01-02 16:27:18.406027+00 |  1

 
Iteration 76   2021-01-02--10-27-53
 
           timeofday           | up 
-------------------------------+----
 2021-01-02 16:27:28.492404+00 |  1

 
Iteration 77   2021-01-02--10-28-03
 
           timeofday           | up 
-------------------------------+----
 2021-01-02 16:27:38.580293+00 |  1

 
Iteration 78   2021-01-02--10-28-13
 
           timeofday           | up 
-------------------------------+----
 2021-01-02 16:27:48.668536+00 |  1

 
Iteration 79   2021-01-02--10-28-23
 
           timeofday           | up 
-------------------------------+----
 2021-01-02 16:27:58.755825+00 |  1

 
Iteration 80   2021-01-02--10-28-33
 
           timeofday           | up 
-------------------------------+----
 2021-01-02 16:28:08.843633+00 |  1

 
Iteration 81   2021-01-02--10-28-43
 
           timeofday           | up 
-------------------------------+----
 2021-01-02 16:28:18.930701+00 |  1

 
Iteration 82   2021-01-02--10-28-53
 
           timeofday           | up 
-------------------------------+----
 2021-01-02 16:28:29.017282+00 |  1

 
Iteration 83   2021-01-02--10-29-03
 
           timeofday           | up 
-------------------------------+----
 2021-01-02 16:28:39.103733+00 |  1

 
Iteration 84   2021-01-02--10-29-13
 
           timeofday           | up 
-------------------------------+----
 2021-01-02 16:28:49.191787+00 |  1

 
Iteration 85   2021-01-02--10-29-23
 
           timeofday           | up 
-------------------------------+----
 2021-01-02 16:28:59.279232+00 |  1

 
Iteration 86   2021-01-02--10-29-34
 
          timeofday           | up 
------------------------------+----
 2021-01-02 16:29:09.36562+00 |  1

 
Iteration 87   2021-01-02--10-29-44
 
           timeofday           | up 
-------------------------------+----
 2021-01-02 16:29:19.452729+00 |  1

 
Iteration 88   2021-01-02--10-29-54
 
           timeofday           | up 
-------------------------------+----
 2021-01-02 16:29:29.540423+00 |  1

 
Iteration 89   2021-01-02--10-30-04
 
           timeofday           | up 
-------------------------------+----
 2021-01-02 16:29:39.630413+00 |  1

 
Iteration 90   2021-01-02--10-30-14
 
           timeofday           | up 
-------------------------------+----
 2021-01-02 16:29:49.719906+00 |  1

 
Iteration 91   2021-01-02--10-30-24
 
           timeofday           | up 
-------------------------------+----
 2021-01-02 16:29:59.808241+00 |  1

 
Iteration 92   2021-01-02--10-30-34
 
           timeofday           | up 
-------------------------------+----
 2021-01-02 16:30:09.897185+00 |  1

 
Iteration 93   2021-01-02--10-30-44
 
           timeofday           | up 
-------------------------------+----
 2021-01-02 16:30:19.983034+00 |  1

 
Iteration 94   2021-01-02--10-30-54
 
           timeofday           | up 
-------------------------------+----
 2021-01-02 16:30:30.070193+00 |  1

 
Iteration 95   2021-01-02--10-31-04
 
           timeofday           | up 
-------------------------------+----
 2021-01-02 16:30:40.157757+00 |  1

 
Iteration 96   2021-01-02--10-31-14
 
           timeofday           | up 
-------------------------------+----
 2021-01-02 16:30:50.261075+00 |  1

 
Iteration 97   2021-01-02--10-31-25
 
           timeofday           | up 
-------------------------------+----
 2021-01-02 16:31:00.353651+00 |  1

 
Iteration 98   2021-01-02--10-31-35
 
           timeofday           | up 
-------------------------------+----
 2021-01-02 16:31:10.440973+00 |  1

 
Iteration 99   2021-01-02--10-31-45
 
           timeofday           | up 
-------------------------------+----
 2021-01-02 16:31:20.529918+00 |  1

 
Iteration 100   2021-01-02--10-31-55
 
           timeofday           | up 
-------------------------------+----
 2021-01-02 16:31:30.618505+00 |  1

 
Iteration 101   2021-01-02--10-32-05
 
           timeofday           | up 
-------------------------------+----
 2021-01-02 16:31:40.708139+00 |  1

 
Iteration 102   2021-01-02--10-32-15
 
          timeofday           | up 
------------------------------+----
 2021-01-02 16:31:50.79781+00 |  1

 
Iteration 103   2021-01-02--10-32-25
 
           timeofday           | up 
-------------------------------+----
 2021-01-02 16:32:00.890873+00 |  1

 
Iteration 104   2021-01-02--10-32-35
 
          timeofday           | up 
------------------------------+----
 2021-01-02 16:32:10.97713+00 |  1

 
Iteration 105   2021-01-02--10-32-45
 
           timeofday           | up 
-------------------------------+----
 2021-01-02 16:32:21.066196+00 |  1

 
Iteration 106   2021-01-02--10-32-55
 
           timeofday           | up 
-------------------------------+----
 2021-01-02 16:32:31.152873+00 |  1

 
Iteration 107   2021-01-02--10-33-05
 
           timeofday           | up 
-------------------------------+----
 2021-01-02 16:32:41.246807+00 |  1

 
Iteration 108   2021-01-02--10-33-16
 
           timeofday           | up 
-------------------------------+----
 2021-01-02 16:32:51.332869+00 |  1

 
Iteration 109   2021-01-02--10-33-26
 
           timeofday           | up 
-------------------------------+----
 2021-01-02 16:33:01.419591+00 |  1

 
Iteration 110   2021-01-02--10-33-36
 
           timeofday           | up 
-------------------------------+----
 2021-01-02 16:33:11.512591+00 |  1

 
Iteration 111   2021-01-02--10-33-46
 
           timeofday           | up 
-------------------------------+----
 2021-01-02 16:33:21.604351+00 |  1

 
Iteration 112   2021-01-02--10-33-56
 
           timeofday           | up 
-------------------------------+----
 2021-01-02 16:33:31.690385+00 |  1

 
Iteration 113   2021-01-02--10-34-06
 
           timeofday           | up 
-------------------------------+----
 2021-01-02 16:33:41.780819+00 |  1

 
Iteration 114   2021-01-02--10-34-16
 
           timeofday           | up 
-------------------------------+----
 2021-01-02 16:33:51.875617+00 |  1

 
Iteration 115   2021-01-02--10-34-26
 
           timeofday           | up 
-------------------------------+----
 2021-01-02 16:34:01.961638+00 |  1

 
Iteration 116   2021-01-02--10-34-36
 
           timeofday           | up 
-------------------------------+----
 2021-01-02 16:34:12.051133+00 |  1

 
Iteration 117   2021-01-02--10-34-46
 
           timeofday           | up 
-------------------------------+----
 2021-01-02 16:34:22.138888+00 |  1

 
Iteration 118   2021-01-02--10-34-56
 
           timeofday           | up 
-------------------------------+----
 2021-01-02 16:34:32.228424+00 |  1

 
Iteration 119   2021-01-02--10-35-07
 
           timeofday           | up 
-------------------------------+----
 2021-01-02 16:34:42.316489+00 |  1

 
Iteration 120   2021-01-02--10-35-17
 
           timeofday           | up 
-------------------------------+----
 2021-01-02 16:34:52.403231+00 |  1

 
Iteration 121   2021-01-02--10-35-27
 
           timeofday           | up 
-------------------------------+----
 2021-01-02 16:35:02.498993+00 |  1

 
Iteration 122   2021-01-02--10-35-37
 
           timeofday           | up 
-------------------------------+----
 2021-01-02 16:35:12.585721+00 |  1

 
Iteration 123   2021-01-02--10-35-47
 
           timeofday           | up 
-------------------------------+----
 2021-01-02 16:35:22.671567+00 |  1

 
Iteration 124   2021-01-02--10-35-57
 
           timeofday           | up 
-------------------------------+----
 2021-01-02 16:35:32.759122+00 |  1

 
Iteration 125   2021-01-02--10-36-07
 
           timeofday           | up 
-------------------------------+----
 2021-01-02 16:35:42.847188+00 |  1

 
Iteration 126   2021-01-02--10-36-17
 
           timeofday           | up 
-------------------------------+----
 2021-01-02 16:35:52.934894+00 |  1

 
Iteration 127   2021-01-02--10-36-27
 
           timeofday           | up 
-------------------------------+----
 2021-01-02 16:36:03.022917+00 |  1

 
Iteration 128   2021-01-02--10-36-37
 
           timeofday           | up 
-------------------------------+----
 2021-01-02 16:36:13.115085+00 |  1

 
Iteration 129   2021-01-02--10-36-47
 
           timeofday           | up 
-------------------------------+----
 2021-01-02 16:36:23.203328+00 |  1

 
Iteration 130   2021-01-02--10-36-58
 
           timeofday           | up 
-------------------------------+----
 2021-01-02 16:36:33.290695+00 |  1

 
Iteration 131   2021-01-02--10-37-08
 
           timeofday           | up 
-------------------------------+----
 2021-01-02 16:36:43.379263+00 |  1

 
Iteration 132   2021-01-02--10-37-18
 
           timeofday           | up 
-------------------------------+----
 2021-01-02 16:36:53.466399+00 |  1

 
Iteration 133   2021-01-02--10-37-28
 
           timeofday           | up 
-------------------------------+----
 2021-01-02 16:37:03.553362+00 |  1

 
Iteration 134   2021-01-02--10-37-38
 
           timeofday           | up 
-------------------------------+----
 2021-01-02 16:37:13.639359+00 |  1

 
Iteration 135   2021-01-02--10-37-48
 
           timeofday           | up 
-------------------------------+----
 2021-01-02 16:37:23.727134+00 |  1

 
Iteration 136   2021-01-02--10-37-58
 
           timeofday           | up 
-------------------------------+----
 2021-01-02 16:37:33.813416+00 |  1

 
Iteration 137   2021-01-02--10-38-08
 
           timeofday           | up 
-------------------------------+----
 2021-01-02 16:37:43.900715+00 |  1

 
Iteration 138   2021-01-02--10-38-18
 
           timeofday           | up 
-------------------------------+----
 2021-01-02 16:37:53.989695+00 |  1

 
Iteration 139   2021-01-02--10-38-28
 
          timeofday           | up 
------------------------------+----
 2021-01-02 16:38:04.08976+00 |  1

 
Iteration 140   2021-01-02--10-38-38
 
           timeofday           | up 
-------------------------------+----
 2021-01-02 16:38:14.184484+00 |  1

 
Iteration 141   2021-01-02--10-38-48
 
           timeofday           | up 
-------------------------------+----
 2021-01-02 16:38:24.272589+00 |  1

 
Iteration 142   2021-01-02--10-38-59
 
           timeofday           | up 
-------------------------------+----
 2021-01-02 16:38:34.362076+00 |  1

 
Iteration 143   2021-01-02--10-39-09
 
           timeofday           | up 
-------------------------------+----
 2021-01-02 16:38:44.450174+00 |  1

 
Iteration 144   2021-01-02--10-39-19
 
           timeofday           | up 
-------------------------------+----
 2021-01-02 16:38:54.537012+00 |  1

 
Iteration 145   2021-01-02--10-39-29
 
           timeofday           | up 
-------------------------------+----
 2021-01-02 16:39:04.624222+00 |  1

 
Iteration 146   2021-01-02--10-39-39
 
           timeofday           | up 
-------------------------------+----
 2021-01-02 16:39:14.713405+00 |  1

 
Iteration 147   2021-01-02--10-39-49
 
           timeofday           | up 
-------------------------------+----
 2021-01-02 16:39:24.800393+00 |  1

 
Iteration 148   2021-01-02--10-39-59
 
           timeofday           | up 
-------------------------------+----
 2021-01-02 16:39:34.886471+00 |  1

 
Iteration 149   2021-01-02--10-40-09
 
           timeofday           | up 
-------------------------------+----
 2021-01-02 16:39:44.980025+00 |  1

 
Iteration 150   2021-01-02--10-40-19
 
           timeofday           | up 
-------------------------------+----
 2021-01-02 16:39:55.068069+00 |  1

 
Iteration 151   2021-01-02--10-40-29
 
          timeofday           | up 
------------------------------+----
 2021-01-02 16:40:05.15626+00 |  1

 
Iteration 152   2021-01-02--10-40-39
 
           timeofday           | up 
-------------------------------+----
 2021-01-02 16:40:15.243289+00 |  1

 
Iteration 153   2021-01-02--10-40-50
 
           timeofday           | up 
-------------------------------+----
 2021-01-02 16:40:25.336487+00 |  1

 
Iteration 154   2021-01-02--10-41-00
 
           timeofday           | up 
-------------------------------+----
 2021-01-02 16:40:35.424409+00 |  1

 
Iteration 155   2021-01-02--10-41-10
 
           timeofday           | up 
-------------------------------+----
 2021-01-02 16:40:45.512343+00 |  1

 
Iteration 156   2021-01-02--10-41-20
 
           timeofday           | up 
-------------------------------+----
 2021-01-02 16:40:55.607573+00 |  1

 
Iteration 157   2021-01-02--10-41-30
 
           timeofday           | up 
-------------------------------+----
 2021-01-02 16:41:05.694608+00 |  1

 
Iteration 158   2021-01-02--10-41-40
 
           timeofday           | up 
-------------------------------+----
 2021-01-02 16:41:15.786448+00 |  1

 
Iteration 159   2021-01-02--10-41-50
 
           timeofday           | up 
-------------------------------+----
 2021-01-02 16:41:25.876192+00 |  1

 
Iteration 160   2021-01-02--10-42-00
 
           timeofday           | up 
-------------------------------+----
 2021-01-02 16:41:35.964048+00 |  1

 
Iteration 161   2021-01-02--10-42-10
 
           timeofday           | up 
-------------------------------+----
 2021-01-02 16:41:46.053049+00 |  1

 
Iteration 162   2021-01-02--10-42-20
 
           timeofday           | up 
-------------------------------+----
 2021-01-02 16:41:56.141161+00 |  1

 
Iteration 163   2021-01-02--10-42-30
 
           timeofday           | up 
-------------------------------+----
 2021-01-02 16:42:06.229199+00 |  1

 
Iteration 164   2021-01-02--10-42-41
 
           timeofday           | up 
-------------------------------+----
 2021-01-02 16:42:16.322051+00 |  1

 
Iteration 165   2021-01-02--10-42-51
 
           timeofday           | up 
-------------------------------+----
 2021-01-02 16:42:26.408573+00 |  1

 
Iteration 166   2021-01-02--10-43-01
 
           timeofday           | up 
-------------------------------+----
 2021-01-02 16:42:36.495545+00 |  1

 
Iteration 167   2021-01-02--10-43-11
 
           timeofday           | up 
-------------------------------+----
 2021-01-02 16:42:46.582531+00 |  1

 
Iteration 168   2021-01-02--10-43-21
 
           timeofday           | up 
-------------------------------+----
 2021-01-02 16:42:56.670955+00 |  1

 
Iteration 169   2021-01-02--10-43-31
 
           timeofday           | up 
-------------------------------+----
 2021-01-02 16:43:06.757617+00 |  1

 
Iteration 170   2021-01-02--10-43-41
 
           timeofday           | up 
-------------------------------+----
 2021-01-02 16:43:16.845153+00 |  1

 
Iteration 171   2021-01-02--10-43-51
 
           timeofday           | up 
-------------------------------+----
 2021-01-02 16:43:26.934574+00 |  1

 
Iteration 172   2021-01-02--10-44-01
 
           timeofday           | up 
-------------------------------+----
 2021-01-02 16:43:37.023099+00 |  1

 
Iteration 173   2021-01-02--10-44-11
 
           timeofday           | up 
-------------------------------+----
 2021-01-02 16:43:47.110641+00 |  1

 
Iteration 174   2021-01-02--10-44-21
 
          timeofday          | up 
-----------------------------+----
 2021-01-02 16:43:57.1973+00 |  1

 
Iteration 175   2021-01-02--10-44-32
 
           timeofday           | up 
-------------------------------+----
 2021-01-02 16:44:07.283716+00 |  1

 
Iteration 176   2021-01-02--10-44-42
 
          timeofday           | up 
------------------------------+----
 2021-01-02 16:44:17.37325+00 |  1

 
Iteration 177   2021-01-02--10-44-52
 
           timeofday           | up 
-------------------------------+----
 2021-01-02 16:44:27.461723+00 |  1

 
Iteration 178   2021-01-02--10-45-02
 
           timeofday           | up 
-------------------------------+----
 2021-01-02 16:44:37.548771+00 |  1

 
Iteration 179   2021-01-02--10-45-12
 
           timeofday           | up 
-------------------------------+----
 2021-01-02 16:44:47.635551+00 |  1

 
Iteration 180   2021-01-02--10-45-22
 
           timeofday           | up 
-------------------------------+----
 2021-01-02 16:44:57.733175+00 |  1

 
Iteration 181   2021-01-02--10-45-32
 
           timeofday           | up 
-------------------------------+----
 2021-01-02 16:45:07.821407+00 |  1

 
Iteration 182   2021-01-02--10-45-42
 
           timeofday           | up 
-------------------------------+----
 2021-01-02 16:45:17.908882+00 |  1

 
Iteration 183   2021-01-02--10-45-52
 
           timeofday           | up 
-------------------------------+----
 2021-01-02 16:45:27.994762+00 |  1

 
Iteration 184   2021-01-02--10-46-02
 
           timeofday           | up 
-------------------------------+----
 2021-01-02 16:45:38.084133+00 |  1

 
Iteration 185   2021-01-02--10-46-12
 
           timeofday           | up 
-------------------------------+----
 2021-01-02 16:45:48.170641+00 |  1

 
Iteration 186   2021-01-02--10-46-22
 
           timeofday           | up 
-------------------------------+----
 2021-01-02 16:45:58.257799+00 |  1

 
Iteration 187   2021-01-02--10-46-33
 
           timeofday           | up 
-------------------------------+----
 2021-01-02 16:46:08.344744+00 |  1

 
Iteration 188   2021-01-02--10-46-43
 
           timeofday           | up 
-------------------------------+----
 2021-01-02 16:46:18.431009+00 |  1

 
Iteration 189   2021-01-02--10-46-53
 
           timeofday           | up 
-------------------------------+----
 2021-01-02 16:46:28.519347+00 |  1

 
Iteration 190   2021-01-02--10-47-03
 
           timeofday           | up 
-------------------------------+----
 2021-01-02 16:46:38.611819+00 |  1

 
Iteration 191   2021-01-02--10-47-13
 
           timeofday           | up 
-------------------------------+----
 2021-01-02 16:46:48.698051+00 |  1

 
Iteration 192   2021-01-02--10-47-23
 
           timeofday           | up 
-------------------------------+----
 2021-01-02 16:46:58.784603+00 |  1

 
